ARM GAS  C:\Users\dmeichle\AppData\Local\Temp\cctcMYwg.s 			page 1


   1              		.syntax unified
   2              		.cpu cortex-m3
   3              		.fpu softvfp
   4              		.eabi_attribute 20, 1
   5              		.eabi_attribute 21, 1
   6              		.eabi_attribute 23, 3
   7              		.eabi_attribute 24, 1
   8              		.eabi_attribute 25, 1
   9              		.eabi_attribute 26, 1
  10              		.eabi_attribute 30, 1
  11              		.eabi_attribute 34, 1
  12              		.eabi_attribute 18, 4
  13              		.thumb
  14              		.syntax unified
  15              		.file	"isr_rx_helper.c"
  16              		.text
  17              	.Ltext0:
  18              		.cfi_sections	.debug_frame
  19              		.section	.text._getBytesAvailable,"ax",%progbits
  20              		.align	2
  21              		.global	_getBytesAvailable
  22              		.thumb
  23              		.thumb_func
  24              		.type	_getBytesAvailable, %function
  25              	_getBytesAvailable:
  26              	.LFB1:
  27              		.file 1 "isr_rx_helper.c"
   1:isr_rx_helper.c **** /* ========================================
   2:isr_rx_helper.c ****  *
   3:isr_rx_helper.c ****  * Copyright YOUR COMPANY, THE YEAR
   4:isr_rx_helper.c ****  * All Rights Reserved
   5:isr_rx_helper.c ****  * UNPUBLISHED, LICENSED SOFTWARE.
   6:isr_rx_helper.c ****  *
   7:isr_rx_helper.c ****  * CONFIDENTIAL AND PROPRIETARY INFORMATION
   8:isr_rx_helper.c ****  * WHICH IS THE PROPERTY OF your company.
   9:isr_rx_helper.c ****  *
  10:isr_rx_helper.c ****  * ========================================
  11:isr_rx_helper.c **** */
  12:isr_rx_helper.c **** 
  13:isr_rx_helper.c **** /* [] END OF FILE */
  14:isr_rx_helper.c **** 
  15:isr_rx_helper.c **** //#include "knobs.h"
  16:isr_rx_helper.c **** //#include <device.h>
  17:isr_rx_helper.c **** #include "MessageHandler.h"
  18:isr_rx_helper.c **** #include "isr_rx_helper.h"
  19:isr_rx_helper.c **** extern uint8 rxbuf[RX_SOFTWARE_BUFFER_LENGTH];
  20:isr_rx_helper.c **** extern uint8 rxReadIndex;
  21:isr_rx_helper.c **** extern uint8 rxWriteIndex;
  22:isr_rx_helper.c **** extern uint8 rxReadChar; 
  23:isr_rx_helper.c **** extern float rxReadFloat; 
  24:isr_rx_helper.c **** uint8 _getBytesAvailable()
  25:isr_rx_helper.c **** {
  28              		.loc 1 25 0
  29              		.cfi_startproc
  30              		@ args = 0, pretend = 0, frame = 0
  31              		@ frame_needed = 0, uses_anonymous_args = 0
  32              		@ link register save eliminated.
ARM GAS  C:\Users\dmeichle\AppData\Local\Temp\cctcMYwg.s 			page 2


  33              	.LVL0:
  26:isr_rx_helper.c ****     uint8 step = 0;
  27:isr_rx_helper.c ****     uint8 numBytesAvailable = 0; 
  28:isr_rx_helper.c ****     if( rxReadIndex < rxWriteIndex ) {step = RX_SOFTWARE_BUFFER_LENGTH; }
  34              		.loc 1 28 0
  35 0000 064B     		ldr	r3, .L4
  36 0002 1A78     		ldrb	r2, [r3]	@ zero_extendqisi2
  37 0004 064B     		ldr	r3, .L4+4
  38 0006 1B78     		ldrb	r3, [r3]	@ zero_extendqisi2
  39 0008 9A42     		cmp	r2, r3
  40 000a 01D3     		bcc	.L3
  26:isr_rx_helper.c ****     uint8 step = 0;
  41              		.loc 1 26 0
  42 000c 0020     		movs	r0, #0
  43 000e 00E0     		b	.L2
  44              	.L3:
  45              		.loc 1 28 0
  46 0010 2020     		movs	r0, #32
  47              	.L2:
  48              	.LVL1:
  29:isr_rx_helper.c ****     numBytesAvailable = rxWriteIndex + step - rxReadIndex;
  49              		.loc 1 29 0
  50 0012 0344     		add	r3, r3, r0
  51 0014 981A     		subs	r0, r3, r2
  52              	.LVL2:
  30:isr_rx_helper.c ****     return numBytesAvailable; 
  31:isr_rx_helper.c **** }
  53              		.loc 1 31 0
  54 0016 C0B2     		uxtb	r0, r0
  55 0018 7047     		bx	lr
  56              	.L5:
  57 001a 00BF     		.align	2
  58              	.L4:
  59 001c 00000000 		.word	rxReadIndex
  60 0020 00000000 		.word	rxWriteIndex
  61              		.cfi_endproc
  62              	.LFE1:
  63              		.size	_getBytesAvailable, .-_getBytesAvailable
  64              		.section	.text.parseChar,"ax",%progbits
  65              		.align	2
  66              		.global	parseChar
  67              		.thumb
  68              		.thumb_func
  69              		.type	parseChar, %function
  70              	parseChar:
  71              	.LFB3:
  32:isr_rx_helper.c **** 
  33:isr_rx_helper.c **** void parseRxBuffer()
  34:isr_rx_helper.c **** {
  35:isr_rx_helper.c ****     //Determine how many bytes available
  36:isr_rx_helper.c ****     //uint8 numBytesAvailable = 0;
  37:isr_rx_helper.c ****     rxReadChar = RX_NO_PACKETES; 
  38:isr_rx_helper.c ****     rxReadFloat = 0.0;
  39:isr_rx_helper.c **** 
  40:isr_rx_helper.c ****     if( rxWriteIndex != rxReadIndex )
  41:isr_rx_helper.c ****     {
  42:isr_rx_helper.c ****         rxReadIndex++;
ARM GAS  C:\Users\dmeichle\AppData\Local\Temp\cctcMYwg.s 			page 3


  43:isr_rx_helper.c ****         
  44:isr_rx_helper.c ****         if( rxbuf[rxReadIndex-1] == RX_NEXT_IS_CHAR )
  45:isr_rx_helper.c ****         {
  46:isr_rx_helper.c ****             rxbuf[rxReadIndex-1] = 0x0;
  47:isr_rx_helper.c ****             while(_getBytesAvailable() < 1)
  48:isr_rx_helper.c ****             {
  49:isr_rx_helper.c ****                 CyDelayUs(10);
  50:isr_rx_helper.c ****                 sendLogMessage("parseRxBuffer() RX_NEXT_IS_CHAR: waiting for _getBytesAvailable() <
  51:isr_rx_helper.c ****             }
  52:isr_rx_helper.c ****             rxReadChar = parseChar();
  53:isr_rx_helper.c ****         }
  54:isr_rx_helper.c ****         else if( rxbuf[rxReadIndex-1] == RX_NEXT_IS_FLAG_AND_FLOAT )
  55:isr_rx_helper.c ****         {
  56:isr_rx_helper.c ****             rxbuf[rxReadIndex-1] = 0x0;
  57:isr_rx_helper.c ****             while(_getBytesAvailable() < 5)
  58:isr_rx_helper.c ****             {
  59:isr_rx_helper.c ****                 CyDelayUs(10);
  60:isr_rx_helper.c ****                 sendLogMessage("parseRxBuffer() RX_NEXT_IS_FLAG_AND_FLOAT: waiting for _getBytesAva
  61:isr_rx_helper.c ****             }
  62:isr_rx_helper.c ****             rxReadChar  = parseChar();  //increments rxReadIndex by 1
  63:isr_rx_helper.c ****             rxReadFloat = parseFloat(); //increments rxReadIndex by 4
  64:isr_rx_helper.c ****         }
  65:isr_rx_helper.c ****     }
  66:isr_rx_helper.c **** }
  67:isr_rx_helper.c **** uint8 parseChar()
  68:isr_rx_helper.c **** {
  72              		.loc 1 68 0
  73              		.cfi_startproc
  74              		@ args = 0, pretend = 0, frame = 0
  75              		@ frame_needed = 0, uses_anonymous_args = 0
  76              		@ link register save eliminated.
  69:isr_rx_helper.c ****     // rxReadIndex Points AT location of char
  70:isr_rx_helper.c ****     uint8 rxChar;
  71:isr_rx_helper.c ****     rxChar = rxbuf[rxReadIndex];
  77              		.loc 1 71 0
  78 0000 044A     		ldr	r2, .L7
  79 0002 1378     		ldrb	r3, [r2]	@ zero_extendqisi2
  80 0004 0449     		ldr	r1, .L7+4
  81 0006 C85C     		ldrb	r0, [r1, r3]	@ zero_extendqisi2
  82              	.LVL3:
  72:isr_rx_helper.c ****     //rxbuf[rxReadIndex] = 0x0; 
  73:isr_rx_helper.c ****     rxReadIndex++; 
  83              		.loc 1 73 0
  84 0008 0133     		adds	r3, r3, #1
  74:isr_rx_helper.c ****     rxReadIndex %= RX_SOFTWARE_BUFFER_LENGTH;
  85              		.loc 1 74 0
  86 000a 03F01F03 		and	r3, r3, #31
  87 000e 1370     		strb	r3, [r2]
  75:isr_rx_helper.c ****     return rxChar;
  76:isr_rx_helper.c **** }
  88              		.loc 1 76 0
  89 0010 7047     		bx	lr
  90              	.L8:
  91 0012 00BF     		.align	2
  92              	.L7:
  93 0014 00000000 		.word	rxReadIndex
  94 0018 00000000 		.word	rxbuf
ARM GAS  C:\Users\dmeichle\AppData\Local\Temp\cctcMYwg.s 			page 4


  95              		.cfi_endproc
  96              	.LFE3:
  97              		.size	parseChar, .-parseChar
  98              		.section	.text.parseFloat,"ax",%progbits
  99              		.align	2
 100              		.global	parseFloat
 101              		.thumb
 102              		.thumb_func
 103              		.type	parseFloat, %function
 104              	parseFloat:
 105              	.LFB4:
  77:isr_rx_helper.c **** 
  78:isr_rx_helper.c **** float parseFloat()
  79:isr_rx_helper.c **** {
 106              		.loc 1 79 0
 107              		.cfi_startproc
 108              		@ args = 0, pretend = 0, frame = 8
 109              		@ frame_needed = 0, uses_anonymous_args = 0
 110              		@ link register save eliminated.
 111 0000 10B4     		push	{r4}
 112              		.cfi_def_cfa_offset 4
 113              		.cfi_offset 4, -4
 114 0002 83B0     		sub	sp, sp, #12
 115              		.cfi_def_cfa_offset 16
 116              	.LVL4:
  80:isr_rx_helper.c ****     // rxReadIndex Points AT start of float
  81:isr_rx_helper.c ****     float aFloat; 
  82:isr_rx_helper.c ****     uint8* dataPtr = (uint8*)&aFloat;
  83:isr_rx_helper.c ****     
  84:isr_rx_helper.c ****     uint8 byteCounter = 0; 
  85:isr_rx_helper.c ****     for(byteCounter = 0; byteCounter < 4; byteCounter++)
 117              		.loc 1 85 0
 118 0004 0022     		movs	r2, #0
  82:isr_rx_helper.c ****     
 119              		.loc 1 82 0
 120 0006 01A8     		add	r0, sp, #4
 121              	.LVL5:
 122              		.loc 1 85 0
 123 0008 0CE0     		b	.L10
 124              	.LVL6:
 125              	.L11:
  86:isr_rx_helper.c ****     {
  87:isr_rx_helper.c ****         *dataPtr++ = rxbuf[rxReadIndex];          //read first byte of float
 126              		.loc 1 87 0 discriminator 3
 127 000a 0949     		ldr	r1, .L13
 128 000c 0B78     		ldrb	r3, [r1]	@ zero_extendqisi2
 129 000e 094C     		ldr	r4, .L13+4
 130 0010 E35C     		ldrb	r3, [r4, r3]	@ zero_extendqisi2
 131 0012 0370     		strb	r3, [r0]
  88:isr_rx_helper.c ****         //rxbuf[rxReadIndex] = 0x0; 
  89:isr_rx_helper.c ****         rxReadIndex++;
 132              		.loc 1 89 0 discriminator 3
 133 0014 0B78     		ldrb	r3, [r1]	@ zero_extendqisi2
 134 0016 0133     		adds	r3, r3, #1
  90:isr_rx_helper.c ****         rxReadIndex %=RX_SOFTWARE_BUFFER_LENGTH;
 135              		.loc 1 90 0 discriminator 3
 136 0018 03F01F03 		and	r3, r3, #31
ARM GAS  C:\Users\dmeichle\AppData\Local\Temp\cctcMYwg.s 			page 5


 137 001c 0B70     		strb	r3, [r1]
  85:isr_rx_helper.c ****     {
 138              		.loc 1 85 0 discriminator 3
 139 001e 0132     		adds	r2, r2, #1
 140              	.LVL7:
 141 0020 D2B2     		uxtb	r2, r2
 142              	.LVL8:
  87:isr_rx_helper.c ****         //rxbuf[rxReadIndex] = 0x0; 
 143              		.loc 1 87 0 discriminator 3
 144 0022 0130     		adds	r0, r0, #1
 145              	.LVL9:
 146              	.L10:
  85:isr_rx_helper.c ****     {
 147              		.loc 1 85 0 discriminator 1
 148 0024 032A     		cmp	r2, #3
 149 0026 F0D9     		bls	.L11
  91:isr_rx_helper.c ****     }
  92:isr_rx_helper.c ****     
  93:isr_rx_helper.c ****     return aFloat;
  94:isr_rx_helper.c **** }...
 150              		.loc 1 94 0
 151 0028 0198     		ldr	r0, [sp, #4]	@ float
 152              	.LVL10:
 153 002a 03B0     		add	sp, sp, #12
 154              		.cfi_def_cfa_offset 4
 155              		@ sp needed
 156 002c 10BC     		pop	{r4}
 157              		.cfi_restore 4
 158              		.cfi_def_cfa_offset 0
 159 002e 7047     		bx	lr
 160              	.L14:
 161              		.align	2
 162              	.L13:
 163 0030 00000000 		.word	rxReadIndex
 164 0034 00000000 		.word	rxbuf
 165              		.cfi_endproc
 166              	.LFE4:
 167              		.size	parseFloat, .-parseFloat
 168              		.section	.text.parseRxBuffer,"ax",%progbits
 169              		.align	2
 170              		.global	parseRxBuffer
 171              		.thumb
 172              		.thumb_func
 173              		.type	parseRxBuffer, %function
 174              	parseRxBuffer:
 175              	.LFB2:
  34:isr_rx_helper.c **** {
 176              		.loc 1 34 0
 177              		.cfi_startproc
 178              		@ args = 0, pretend = 0, frame = 0
 179              		@ frame_needed = 0, uses_anonymous_args = 0
 180 0000 08B5     		push	{r3, lr}
 181              		.cfi_def_cfa_offset 8
 182              		.cfi_offset 3, -8
 183              		.cfi_offset 14, -4
  37:isr_rx_helper.c ****     rxReadChar = RX_NO_PACKETES; 
 184              		.loc 1 37 0
ARM GAS  C:\Users\dmeichle\AppData\Local\Temp\cctcMYwg.s 			page 6


 185 0002 0022     		movs	r2, #0
 186 0004 1F4B     		ldr	r3, .L23
 187 0006 1A70     		strb	r2, [r3]
  38:isr_rx_helper.c ****     rxReadFloat = 0.0;
 188              		.loc 1 38 0
 189 0008 0022     		movs	r2, #0
 190 000a 1F4B     		ldr	r3, .L23+4
 191 000c 1A60     		str	r2, [r3]	@ float
  40:isr_rx_helper.c ****     if( rxWriteIndex != rxReadIndex )
 192              		.loc 1 40 0
 193 000e 1F4B     		ldr	r3, .L23+8
 194 0010 1A78     		ldrb	r2, [r3]	@ zero_extendqisi2
 195 0012 1F4B     		ldr	r3, .L23+12
 196 0014 1B78     		ldrb	r3, [r3]	@ zero_extendqisi2
 197 0016 9A42     		cmp	r2, r3
 198 0018 33D0     		beq	.L15
  42:isr_rx_helper.c ****         rxReadIndex++;
 199              		.loc 1 42 0
 200 001a 0133     		adds	r3, r3, #1
 201 001c DBB2     		uxtb	r3, r3
 202 001e 1C4A     		ldr	r2, .L23+12
 203 0020 1370     		strb	r3, [r2]
  44:isr_rx_helper.c ****         if( rxbuf[rxReadIndex-1] == RX_NEXT_IS_CHAR )
 204              		.loc 1 44 0
 205 0022 013B     		subs	r3, r3, #1
 206 0024 1B4A     		ldr	r2, .L23+16
 207 0026 D25C     		ldrb	r2, [r2, r3]	@ zero_extendqisi2
 208 0028 052A     		cmp	r2, #5
 209 002a 12D1     		bne	.L17
  46:isr_rx_helper.c ****             rxbuf[rxReadIndex-1] = 0x0;
 210              		.loc 1 46 0
 211 002c 0021     		movs	r1, #0
 212 002e 194A     		ldr	r2, .L23+16
 213 0030 D154     		strb	r1, [r2, r3]
  47:isr_rx_helper.c ****             while(_getBytesAvailable() < 1)
 214              		.loc 1 47 0
 215 0032 05E0     		b	.L18
 216              	.L19:
  49:isr_rx_helper.c ****                 CyDelayUs(10);
 217              		.loc 1 49 0
 218 0034 0A20     		movs	r0, #10
 219 0036 FFF7FEFF 		bl	CyDelayUs
 220              	.LVL11:
  50:isr_rx_helper.c ****                 sendLogMessage("parseRxBuffer() RX_NEXT_IS_CHAR: waiting for _getBytesAvailable() <
 221              		.loc 1 50 0
 222 003a 1748     		ldr	r0, .L23+20
 223 003c FFF7FEFF 		bl	sendLogMessage
 224              	.LVL12:
 225              	.L18:
  47:isr_rx_helper.c ****             while(_getBytesAvailable() < 1)
 226              		.loc 1 47 0
 227 0040 FFF7FEFF 		bl	_getBytesAvailable
 228              	.LVL13:
 229 0044 0028     		cmp	r0, #0
 230 0046 F5D0     		beq	.L19
  52:isr_rx_helper.c ****             rxReadChar = parseChar();
 231              		.loc 1 52 0
ARM GAS  C:\Users\dmeichle\AppData\Local\Temp\cctcMYwg.s 			page 7


 232 0048 FFF7FEFF 		bl	parseChar
 233              	.LVL14:
 234 004c 0D4B     		ldr	r3, .L23
 235 004e 1870     		strb	r0, [r3]
 236 0050 08BD     		pop	{r3, pc}
 237              	.L17:
  54:isr_rx_helper.c ****         else if( rxbuf[rxReadIndex-1] == RX_NEXT_IS_FLAG_AND_FLOAT )
 238              		.loc 1 54 0
 239 0052 062A     		cmp	r2, #6
 240 0054 15D1     		bne	.L15
  56:isr_rx_helper.c ****             rxbuf[rxReadIndex-1] = 0x0;
 241              		.loc 1 56 0
 242 0056 0021     		movs	r1, #0
 243 0058 0E4A     		ldr	r2, .L23+16
 244 005a D154     		strb	r1, [r2, r3]
  57:isr_rx_helper.c ****             while(_getBytesAvailable() < 5)
 245              		.loc 1 57 0
 246 005c 05E0     		b	.L20
 247              	.L21:
  59:isr_rx_helper.c ****                 CyDelayUs(10);
 248              		.loc 1 59 0
 249 005e 0A20     		movs	r0, #10
 250 0060 FFF7FEFF 		bl	CyDelayUs
 251              	.LVL15:
  60:isr_rx_helper.c ****                 sendLogMessage("parseRxBuffer() RX_NEXT_IS_FLAG_AND_FLOAT: waiting for _getBytesAva
 252              		.loc 1 60 0
 253 0064 0D48     		ldr	r0, .L23+24
 254 0066 FFF7FEFF 		bl	sendLogMessage
 255              	.LVL16:
 256              	.L20:
  57:isr_rx_helper.c ****             while(_getBytesAvailable() < 5)
 257              		.loc 1 57 0
 258 006a FFF7FEFF 		bl	_getBytesAvailable
 259              	.LVL17:
 260 006e 0428     		cmp	r0, #4
 261 0070 F5D9     		bls	.L21
  62:isr_rx_helper.c ****             rxReadChar  = parseChar();  //increments rxReadIndex by 1
 262              		.loc 1 62 0
 263 0072 FFF7FEFF 		bl	parseChar
 264              	.LVL18:
 265 0076 034B     		ldr	r3, .L23
 266 0078 1870     		strb	r0, [r3]
  63:isr_rx_helper.c ****             rxReadFloat = parseFloat(); //increments rxReadIndex by 4
 267              		.loc 1 63 0
 268 007a FFF7FEFF 		bl	parseFloat
 269              	.LVL19:
 270 007e 024B     		ldr	r3, .L23+4
 271 0080 1860     		str	r0, [r3]	@ float
 272              	.L15:
 273 0082 08BD     		pop	{r3, pc}
 274              	.L24:
 275              		.align	2
 276              	.L23:
 277 0084 00000000 		.word	rxReadChar
 278 0088 00000000 		.word	rxReadFloat
 279 008c 00000000 		.word	rxWriteIndex
 280 0090 00000000 		.word	rxReadIndex
ARM GAS  C:\Users\dmeichle\AppData\Local\Temp\cctcMYwg.s 			page 8


 281 0094 00000000 		.word	rxbuf
 282 0098 00000000 		.word	.LC0
 283 009c 48000000 		.word	.LC1
 284              		.cfi_endproc
 285              	.LFE2:
 286              		.size	parseRxBuffer, .-parseRxBuffer
 287              		.section	.rodata.str1.4,"aMS",%progbits,1
 288              		.align	2
 289              	.LC0:
 290 0000 70617273 		.ascii	"parseRxBuffer() RX_NEXT_IS_CHAR: waiting for _getBy"
 290      65527842 
 290      75666665 
 290      72282920 
 290      52585F4E 
 291 0033 74657341 		.ascii	"tesAvailable() < 1\000"
 291      7661696C 
 291      61626C65 
 291      2829203C 
 291      203100
 292 0046 0000     		.space	2
 293              	.LC1:
 294 0048 70617273 		.ascii	"parseRxBuffer() RX_NEXT_IS_FLAG_AND_FLOAT: waiting "
 294      65527842 
 294      75666665 
 294      72282920 
 294      52585F4E 
 295 007b 666F7220 		.ascii	"for _getBytesAvailable() < 5\000"
 295      5F676574 
 295      42797465 
 295      73417661 
 295      696C6162 
 296              		.text
 297              	.Letext0:
 298              		.file 2 "Generated_Source\\PSoC5/CyLib.h"
 299              		.file 3 "MessageHandler.h"
 300              		.file 4 "Generated_Source\\PSoC5/cytypes.h"
 301              		.section	.debug_info,"",%progbits
 302              	.Ldebug_info0:
 303 0000 36020000 		.4byte	0x236
 304 0004 0400     		.2byte	0x4
 305 0006 00000000 		.4byte	.Ldebug_abbrev0
 306 000a 04       		.byte	0x4
 307 000b 01       		.uleb128 0x1
 308 000c 6E000000 		.4byte	.LASF30
 309 0010 0C       		.byte	0xc
 310 0011 13020000 		.4byte	.LASF31
 311 0015 4C010000 		.4byte	.LASF32
 312 0019 00000000 		.4byte	.Ldebug_ranges0+0
 313 001d 00000000 		.4byte	0
 314 0021 00000000 		.4byte	.Ldebug_line0
 315 0025 02       		.uleb128 0x2
 316 0026 01       		.byte	0x1
 317 0027 06       		.byte	0x6
 318 0028 4D020000 		.4byte	.LASF0
 319 002c 02       		.uleb128 0x2
 320 002d 01       		.byte	0x1
 321 002e 08       		.byte	0x8
ARM GAS  C:\Users\dmeichle\AppData\Local\Temp\cctcMYwg.s 			page 9


 322 002f 60000000 		.4byte	.LASF1
 323 0033 02       		.uleb128 0x2
 324 0034 02       		.byte	0x2
 325 0035 05       		.byte	0x5
 326 0036 23020000 		.4byte	.LASF2
 327 003a 02       		.uleb128 0x2
 328 003b 02       		.byte	0x2
 329 003c 07       		.byte	0x7
 330 003d 2C000000 		.4byte	.LASF3
 331 0041 02       		.uleb128 0x2
 332 0042 04       		.byte	0x4
 333 0043 05       		.byte	0x5
 334 0044 38020000 		.4byte	.LASF4
 335 0048 02       		.uleb128 0x2
 336 0049 04       		.byte	0x4
 337 004a 07       		.byte	0x7
 338 004b 04010000 		.4byte	.LASF5
 339 004f 02       		.uleb128 0x2
 340 0050 08       		.byte	0x8
 341 0051 05       		.byte	0x5
 342 0052 F9010000 		.4byte	.LASF6
 343 0056 02       		.uleb128 0x2
 344 0057 08       		.byte	0x8
 345 0058 07       		.byte	0x7
 346 0059 C8010000 		.4byte	.LASF7
 347 005d 03       		.uleb128 0x3
 348 005e 04       		.byte	0x4
 349 005f 05       		.byte	0x5
 350 0060 696E7400 		.ascii	"int\000"
 351 0064 02       		.uleb128 0x2
 352 0065 04       		.byte	0x4
 353 0066 07       		.byte	0x7
 354 0067 B0010000 		.4byte	.LASF8
 355 006b 04       		.uleb128 0x4
 356 006c 16010000 		.4byte	.LASF33
 357 0070 04       		.byte	0x4
 358 0071 9201     		.2byte	0x192
 359 0073 2C000000 		.4byte	0x2c
 360 0077 02       		.uleb128 0x2
 361 0078 04       		.byte	0x4
 362 0079 04       		.byte	0x4
 363 007a 5A000000 		.4byte	.LASF9
 364 007e 02       		.uleb128 0x2
 365 007f 08       		.byte	0x8
 366 0080 04       		.byte	0x4
 367 0081 3B010000 		.4byte	.LASF10
 368 0085 02       		.uleb128 0x2
 369 0086 01       		.byte	0x1
 370 0087 08       		.byte	0x8
 371 0088 0E020000 		.4byte	.LASF11
 372 008c 02       		.uleb128 0x2
 373 008d 08       		.byte	0x8
 374 008e 04       		.byte	0x4
 375 008f E4010000 		.4byte	.LASF12
 376 0093 02       		.uleb128 0x2
 377 0094 04       		.byte	0x4
 378 0095 07       		.byte	0x7
ARM GAS  C:\Users\dmeichle\AppData\Local\Temp\cctcMYwg.s 			page 10


 379 0096 F0010000 		.4byte	.LASF13
 380 009a 05       		.uleb128 0x5
 381 009b 19000000 		.4byte	.LASF16
 382 009f 01       		.byte	0x1
 383 00a0 18       		.byte	0x18
 384 00a1 6B000000 		.4byte	0x6b
 385 00a5 00000000 		.4byte	.LFB1
 386 00a9 24000000 		.4byte	.LFE1-.LFB1
 387 00ad 01       		.uleb128 0x1
 388 00ae 9C       		.byte	0x9c
 389 00af D2000000 		.4byte	0xd2
 390 00b3 06       		.uleb128 0x6
 391 00b4 DF010000 		.4byte	.LASF14
 392 00b8 01       		.byte	0x1
 393 00b9 1A       		.byte	0x1a
 394 00ba 6B000000 		.4byte	0x6b
 395 00be 00000000 		.4byte	.LLST0
 396 00c2 06       		.uleb128 0x6
 397 00c3 59020000 		.4byte	.LASF15
 398 00c7 01       		.byte	0x1
 399 00c8 1B       		.byte	0x1b
 400 00c9 6B000000 		.4byte	0x6b
 401 00cd 1F000000 		.4byte	.LLST1
 402 00d1 00       		.byte	0
 403 00d2 05       		.uleb128 0x5
 404 00d3 0F000000 		.4byte	.LASF17
 405 00d7 01       		.byte	0x1
 406 00d8 43       		.byte	0x43
 407 00d9 6B000000 		.4byte	0x6b
 408 00dd 00000000 		.4byte	.LFB3
 409 00e1 1C000000 		.4byte	.LFE3-.LFB3
 410 00e5 01       		.uleb128 0x1
 411 00e6 9C       		.byte	0x9c
 412 00e7 F9000000 		.4byte	0xf9
 413 00eb 07       		.uleb128 0x7
 414 00ec 07020000 		.4byte	.LASF18
 415 00f0 01       		.byte	0x1
 416 00f1 46       		.byte	0x46
 417 00f2 6B000000 		.4byte	0x6b
 418 00f6 01       		.uleb128 0x1
 419 00f7 50       		.byte	0x50
 420 00f8 00       		.byte	0
 421 00f9 05       		.uleb128 0x5
 422 00fa BD010000 		.4byte	.LASF19
 423 00fe 01       		.byte	0x1
 424 00ff 4E       		.byte	0x4e
 425 0100 77000000 		.4byte	0x77
 426 0104 00000000 		.4byte	.LFB4
 427 0108 38000000 		.4byte	.LFE4-.LFB4
 428 010c 01       		.uleb128 0x1
 429 010d 9C       		.byte	0x9c
 430 010e 3F010000 		.4byte	0x13f
 431 0112 07       		.uleb128 0x7
 432 0113 28010000 		.4byte	.LASF20
 433 0117 01       		.byte	0x1
 434 0118 51       		.byte	0x51
 435 0119 77000000 		.4byte	0x77
ARM GAS  C:\Users\dmeichle\AppData\Local\Temp\cctcMYwg.s 			page 11


 436 011d 02       		.uleb128 0x2
 437 011e 91       		.byte	0x91
 438 011f 74       		.sleb128 -12
 439 0120 06       		.uleb128 0x6
 440 0121 FC000000 		.4byte	.LASF21
 441 0125 01       		.byte	0x1
 442 0126 52       		.byte	0x52
 443 0127 3F010000 		.4byte	0x13f
 444 012b 3E000000 		.4byte	.LLST2
 445 012f 06       		.uleb128 0x6
 446 0130 2F010000 		.4byte	.LASF22
 447 0134 01       		.byte	0x1
 448 0135 54       		.byte	0x54
 449 0136 6B000000 		.4byte	0x6b
 450 013a 76000000 		.4byte	.LLST3
 451 013e 00       		.byte	0
 452 013f 08       		.uleb128 0x8
 453 0140 04       		.byte	0x4
 454 0141 6B000000 		.4byte	0x6b
 455 0145 09       		.uleb128 0x9
 456 0146 3F000000 		.4byte	.LASF34
 457 014a 01       		.byte	0x1
 458 014b 21       		.byte	0x21
 459 014c 00000000 		.4byte	.LFB2
 460 0150 A0000000 		.4byte	.LFE2-.LFB2
 461 0154 01       		.uleb128 0x1
 462 0155 9C       		.byte	0x9c
 463 0156 DC010000 		.4byte	0x1dc
 464 015a 0A       		.uleb128 0xa
 465 015b 3A000000 		.4byte	.LVL11
 466 015f 23020000 		.4byte	0x223
 467 0163 6D010000 		.4byte	0x16d
 468 0167 0B       		.uleb128 0xb
 469 0168 01       		.uleb128 0x1
 470 0169 50       		.byte	0x50
 471 016a 01       		.uleb128 0x1
 472 016b 3A       		.byte	0x3a
 473 016c 00       		.byte	0
 474 016d 0A       		.uleb128 0xa
 475 016e 40000000 		.4byte	.LVL12
 476 0172 2E020000 		.4byte	0x22e
 477 0176 84010000 		.4byte	0x184
 478 017a 0B       		.uleb128 0xb
 479 017b 01       		.uleb128 0x1
 480 017c 50       		.byte	0x50
 481 017d 05       		.uleb128 0x5
 482 017e 03       		.byte	0x3
 483 017f 00000000 		.4byte	.LC0
 484 0183 00       		.byte	0
 485 0184 0C       		.uleb128 0xc
 486 0185 44000000 		.4byte	.LVL13
 487 0189 9A000000 		.4byte	0x9a
 488 018d 0C       		.uleb128 0xc
 489 018e 4C000000 		.4byte	.LVL14
 490 0192 D2000000 		.4byte	0xd2
 491 0196 0A       		.uleb128 0xa
 492 0197 64000000 		.4byte	.LVL15
ARM GAS  C:\Users\dmeichle\AppData\Local\Temp\cctcMYwg.s 			page 12


 493 019b 23020000 		.4byte	0x223
 494 019f A9010000 		.4byte	0x1a9
 495 01a3 0B       		.uleb128 0xb
 496 01a4 01       		.uleb128 0x1
 497 01a5 50       		.byte	0x50
 498 01a6 01       		.uleb128 0x1
 499 01a7 3A       		.byte	0x3a
 500 01a8 00       		.byte	0
 501 01a9 0A       		.uleb128 0xa
 502 01aa 6A000000 		.4byte	.LVL16
 503 01ae 2E020000 		.4byte	0x22e
 504 01b2 C0010000 		.4byte	0x1c0
 505 01b6 0B       		.uleb128 0xb
 506 01b7 01       		.uleb128 0x1
 507 01b8 50       		.byte	0x50
 508 01b9 05       		.uleb128 0x5
 509 01ba 03       		.byte	0x3
 510 01bb 48000000 		.4byte	.LC1
 511 01bf 00       		.byte	0
 512 01c0 0C       		.uleb128 0xc
 513 01c1 6E000000 		.4byte	.LVL17
 514 01c5 9A000000 		.4byte	0x9a
 515 01c9 0C       		.uleb128 0xc
 516 01ca 76000000 		.4byte	.LVL18
 517 01ce D2000000 		.4byte	0xd2
 518 01d2 0C       		.uleb128 0xc
 519 01d3 7E000000 		.4byte	.LVL19
 520 01d7 F9000000 		.4byte	0xf9
 521 01db 00       		.byte	0
 522 01dc 0D       		.uleb128 0xd
 523 01dd 6B000000 		.4byte	0x6b
 524 01e1 EC010000 		.4byte	0x1ec
 525 01e5 0E       		.uleb128 0xe
 526 01e6 93000000 		.4byte	0x93
 527 01ea 1F       		.byte	0x1f
 528 01eb 00       		.byte	0
 529 01ec 0F       		.uleb128 0xf
 530 01ed AA010000 		.4byte	.LASF23
 531 01f1 01       		.byte	0x1
 532 01f2 13       		.byte	0x13
 533 01f3 DC010000 		.4byte	0x1dc
 534 01f7 0F       		.uleb128 0xf
 535 01f8 1C010000 		.4byte	.LASF24
 536 01fc 01       		.byte	0x1
 537 01fd 14       		.byte	0x14
 538 01fe 6B000000 		.4byte	0x6b
 539 0202 0F       		.uleb128 0xf
 540 0203 4D000000 		.4byte	.LASF25
 541 0207 01       		.byte	0x1
 542 0208 15       		.byte	0x15
 543 0209 6B000000 		.4byte	0x6b
 544 020d 0F       		.uleb128 0xf
 545 020e 2D020000 		.4byte	.LASF26
 546 0212 01       		.byte	0x1
 547 0213 16       		.byte	0x16
 548 0214 6B000000 		.4byte	0x6b
 549 0218 0F       		.uleb128 0xf
ARM GAS  C:\Users\dmeichle\AppData\Local\Temp\cctcMYwg.s 			page 13


 550 0219 41020000 		.4byte	.LASF27
 551 021d 01       		.byte	0x1
 552 021e 17       		.byte	0x17
 553 021f 77000000 		.4byte	0x77
 554 0223 10       		.uleb128 0x10
 555 0224 42010000 		.4byte	.LASF28
 556 0228 42010000 		.4byte	.LASF28
 557 022c 02       		.byte	0x2
 558 022d 77       		.byte	0x77
 559 022e 10       		.uleb128 0x10
 560 022f 00000000 		.4byte	.LASF29
 561 0233 00000000 		.4byte	.LASF29
 562 0237 03       		.byte	0x3
 563 0238 29       		.byte	0x29
 564 0239 00       		.byte	0
 565              		.section	.debug_abbrev,"",%progbits
 566              	.Ldebug_abbrev0:
 567 0000 01       		.uleb128 0x1
 568 0001 11       		.uleb128 0x11
 569 0002 01       		.byte	0x1
 570 0003 25       		.uleb128 0x25
 571 0004 0E       		.uleb128 0xe
 572 0005 13       		.uleb128 0x13
 573 0006 0B       		.uleb128 0xb
 574 0007 03       		.uleb128 0x3
 575 0008 0E       		.uleb128 0xe
 576 0009 1B       		.uleb128 0x1b
 577 000a 0E       		.uleb128 0xe
 578 000b 55       		.uleb128 0x55
 579 000c 17       		.uleb128 0x17
 580 000d 11       		.uleb128 0x11
 581 000e 01       		.uleb128 0x1
 582 000f 10       		.uleb128 0x10
 583 0010 17       		.uleb128 0x17
 584 0011 00       		.byte	0
 585 0012 00       		.byte	0
 586 0013 02       		.uleb128 0x2
 587 0014 24       		.uleb128 0x24
 588 0015 00       		.byte	0
 589 0016 0B       		.uleb128 0xb
 590 0017 0B       		.uleb128 0xb
 591 0018 3E       		.uleb128 0x3e
 592 0019 0B       		.uleb128 0xb
 593 001a 03       		.uleb128 0x3
 594 001b 0E       		.uleb128 0xe
 595 001c 00       		.byte	0
 596 001d 00       		.byte	0
 597 001e 03       		.uleb128 0x3
 598 001f 24       		.uleb128 0x24
 599 0020 00       		.byte	0
 600 0021 0B       		.uleb128 0xb
 601 0022 0B       		.uleb128 0xb
 602 0023 3E       		.uleb128 0x3e
 603 0024 0B       		.uleb128 0xb
 604 0025 03       		.uleb128 0x3
 605 0026 08       		.uleb128 0x8
 606 0027 00       		.byte	0
ARM GAS  C:\Users\dmeichle\AppData\Local\Temp\cctcMYwg.s 			page 14


 607 0028 00       		.byte	0
 608 0029 04       		.uleb128 0x4
 609 002a 16       		.uleb128 0x16
 610 002b 00       		.byte	0
 611 002c 03       		.uleb128 0x3
 612 002d 0E       		.uleb128 0xe
 613 002e 3A       		.uleb128 0x3a
 614 002f 0B       		.uleb128 0xb
 615 0030 3B       		.uleb128 0x3b
 616 0031 05       		.uleb128 0x5
 617 0032 49       		.uleb128 0x49
 618 0033 13       		.uleb128 0x13
 619 0034 00       		.byte	0
 620 0035 00       		.byte	0
 621 0036 05       		.uleb128 0x5
 622 0037 2E       		.uleb128 0x2e
 623 0038 01       		.byte	0x1
 624 0039 3F       		.uleb128 0x3f
 625 003a 19       		.uleb128 0x19
 626 003b 03       		.uleb128 0x3
 627 003c 0E       		.uleb128 0xe
 628 003d 3A       		.uleb128 0x3a
 629 003e 0B       		.uleb128 0xb
 630 003f 3B       		.uleb128 0x3b
 631 0040 0B       		.uleb128 0xb
 632 0041 49       		.uleb128 0x49
 633 0042 13       		.uleb128 0x13
 634 0043 11       		.uleb128 0x11
 635 0044 01       		.uleb128 0x1
 636 0045 12       		.uleb128 0x12
 637 0046 06       		.uleb128 0x6
 638 0047 40       		.uleb128 0x40
 639 0048 18       		.uleb128 0x18
 640 0049 9742     		.uleb128 0x2117
 641 004b 19       		.uleb128 0x19
 642 004c 01       		.uleb128 0x1
 643 004d 13       		.uleb128 0x13
 644 004e 00       		.byte	0
 645 004f 00       		.byte	0
 646 0050 06       		.uleb128 0x6
 647 0051 34       		.uleb128 0x34
 648 0052 00       		.byte	0
 649 0053 03       		.uleb128 0x3
 650 0054 0E       		.uleb128 0xe
 651 0055 3A       		.uleb128 0x3a
 652 0056 0B       		.uleb128 0xb
 653 0057 3B       		.uleb128 0x3b
 654 0058 0B       		.uleb128 0xb
 655 0059 49       		.uleb128 0x49
 656 005a 13       		.uleb128 0x13
 657 005b 02       		.uleb128 0x2
 658 005c 17       		.uleb128 0x17
 659 005d 00       		.byte	0
 660 005e 00       		.byte	0
 661 005f 07       		.uleb128 0x7
 662 0060 34       		.uleb128 0x34
 663 0061 00       		.byte	0
ARM GAS  C:\Users\dmeichle\AppData\Local\Temp\cctcMYwg.s 			page 15


 664 0062 03       		.uleb128 0x3
 665 0063 0E       		.uleb128 0xe
 666 0064 3A       		.uleb128 0x3a
 667 0065 0B       		.uleb128 0xb
 668 0066 3B       		.uleb128 0x3b
 669 0067 0B       		.uleb128 0xb
 670 0068 49       		.uleb128 0x49
 671 0069 13       		.uleb128 0x13
 672 006a 02       		.uleb128 0x2
 673 006b 18       		.uleb128 0x18
 674 006c 00       		.byte	0
 675 006d 00       		.byte	0
 676 006e 08       		.uleb128 0x8
 677 006f 0F       		.uleb128 0xf
 678 0070 00       		.byte	0
 679 0071 0B       		.uleb128 0xb
 680 0072 0B       		.uleb128 0xb
 681 0073 49       		.uleb128 0x49
 682 0074 13       		.uleb128 0x13
 683 0075 00       		.byte	0
 684 0076 00       		.byte	0
 685 0077 09       		.uleb128 0x9
 686 0078 2E       		.uleb128 0x2e
 687 0079 01       		.byte	0x1
 688 007a 3F       		.uleb128 0x3f
 689 007b 19       		.uleb128 0x19
 690 007c 03       		.uleb128 0x3
 691 007d 0E       		.uleb128 0xe
 692 007e 3A       		.uleb128 0x3a
 693 007f 0B       		.uleb128 0xb
 694 0080 3B       		.uleb128 0x3b
 695 0081 0B       		.uleb128 0xb
 696 0082 11       		.uleb128 0x11
 697 0083 01       		.uleb128 0x1
 698 0084 12       		.uleb128 0x12
 699 0085 06       		.uleb128 0x6
 700 0086 40       		.uleb128 0x40
 701 0087 18       		.uleb128 0x18
 702 0088 9742     		.uleb128 0x2117
 703 008a 19       		.uleb128 0x19
 704 008b 01       		.uleb128 0x1
 705 008c 13       		.uleb128 0x13
 706 008d 00       		.byte	0
 707 008e 00       		.byte	0
 708 008f 0A       		.uleb128 0xa
 709 0090 898201   		.uleb128 0x4109
 710 0093 01       		.byte	0x1
 711 0094 11       		.uleb128 0x11
 712 0095 01       		.uleb128 0x1
 713 0096 31       		.uleb128 0x31
 714 0097 13       		.uleb128 0x13
 715 0098 01       		.uleb128 0x1
 716 0099 13       		.uleb128 0x13
 717 009a 00       		.byte	0
 718 009b 00       		.byte	0
 719 009c 0B       		.uleb128 0xb
 720 009d 8A8201   		.uleb128 0x410a
ARM GAS  C:\Users\dmeichle\AppData\Local\Temp\cctcMYwg.s 			page 16


 721 00a0 00       		.byte	0
 722 00a1 02       		.uleb128 0x2
 723 00a2 18       		.uleb128 0x18
 724 00a3 9142     		.uleb128 0x2111
 725 00a5 18       		.uleb128 0x18
 726 00a6 00       		.byte	0
 727 00a7 00       		.byte	0
 728 00a8 0C       		.uleb128 0xc
 729 00a9 898201   		.uleb128 0x4109
 730 00ac 00       		.byte	0
 731 00ad 11       		.uleb128 0x11
 732 00ae 01       		.uleb128 0x1
 733 00af 31       		.uleb128 0x31
 734 00b0 13       		.uleb128 0x13
 735 00b1 00       		.byte	0
 736 00b2 00       		.byte	0
 737 00b3 0D       		.uleb128 0xd
 738 00b4 01       		.uleb128 0x1
 739 00b5 01       		.byte	0x1
 740 00b6 49       		.uleb128 0x49
 741 00b7 13       		.uleb128 0x13
 742 00b8 01       		.uleb128 0x1
 743 00b9 13       		.uleb128 0x13
 744 00ba 00       		.byte	0
 745 00bb 00       		.byte	0
 746 00bc 0E       		.uleb128 0xe
 747 00bd 21       		.uleb128 0x21
 748 00be 00       		.byte	0
 749 00bf 49       		.uleb128 0x49
 750 00c0 13       		.uleb128 0x13
 751 00c1 2F       		.uleb128 0x2f
 752 00c2 0B       		.uleb128 0xb
 753 00c3 00       		.byte	0
 754 00c4 00       		.byte	0
 755 00c5 0F       		.uleb128 0xf
 756 00c6 34       		.uleb128 0x34
 757 00c7 00       		.byte	0
 758 00c8 03       		.uleb128 0x3
 759 00c9 0E       		.uleb128 0xe
 760 00ca 3A       		.uleb128 0x3a
 761 00cb 0B       		.uleb128 0xb
 762 00cc 3B       		.uleb128 0x3b
 763 00cd 0B       		.uleb128 0xb
 764 00ce 49       		.uleb128 0x49
 765 00cf 13       		.uleb128 0x13
 766 00d0 3F       		.uleb128 0x3f
 767 00d1 19       		.uleb128 0x19
 768 00d2 3C       		.uleb128 0x3c
 769 00d3 19       		.uleb128 0x19
 770 00d4 00       		.byte	0
 771 00d5 00       		.byte	0
 772 00d6 10       		.uleb128 0x10
 773 00d7 2E       		.uleb128 0x2e
 774 00d8 00       		.byte	0
 775 00d9 3F       		.uleb128 0x3f
 776 00da 19       		.uleb128 0x19
 777 00db 3C       		.uleb128 0x3c
ARM GAS  C:\Users\dmeichle\AppData\Local\Temp\cctcMYwg.s 			page 17


 778 00dc 19       		.uleb128 0x19
 779 00dd 6E       		.uleb128 0x6e
 780 00de 0E       		.uleb128 0xe
 781 00df 03       		.uleb128 0x3
 782 00e0 0E       		.uleb128 0xe
 783 00e1 3A       		.uleb128 0x3a
 784 00e2 0B       		.uleb128 0xb
 785 00e3 3B       		.uleb128 0x3b
 786 00e4 0B       		.uleb128 0xb
 787 00e5 00       		.byte	0
 788 00e6 00       		.byte	0
 789 00e7 00       		.byte	0
 790              		.section	.debug_loc,"",%progbits
 791              	.Ldebug_loc0:
 792              	.LLST0:
 793 0000 00000000 		.4byte	.LVL0
 794 0004 12000000 		.4byte	.LVL1
 795 0008 0200     		.2byte	0x2
 796 000a 30       		.byte	0x30
 797 000b 9F       		.byte	0x9f
 798 000c 12000000 		.4byte	.LVL1
 799 0010 16000000 		.4byte	.LVL2
 800 0014 0100     		.2byte	0x1
 801 0016 50       		.byte	0x50
 802 0017 00000000 		.4byte	0
 803 001b 00000000 		.4byte	0
 804              	.LLST1:
 805 001f 00000000 		.4byte	.LVL0
 806 0023 16000000 		.4byte	.LVL2
 807 0027 0200     		.2byte	0x2
 808 0029 30       		.byte	0x30
 809 002a 9F       		.byte	0x9f
 810 002b 16000000 		.4byte	.LVL2
 811 002f 24000000 		.4byte	.LFE1
 812 0033 0100     		.2byte	0x1
 813 0035 50       		.byte	0x50
 814 0036 00000000 		.4byte	0
 815 003a 00000000 		.4byte	0
 816              	.LLST2:
 817 003e 04000000 		.4byte	.LVL4
 818 0042 08000000 		.4byte	.LVL5
 819 0046 0300     		.2byte	0x3
 820 0048 91       		.byte	0x91
 821 0049 74       		.sleb128 -12
 822 004a 9F       		.byte	0x9f
 823 004b 08000000 		.4byte	.LVL5
 824 004f 0A000000 		.4byte	.LVL6
 825 0053 0100     		.2byte	0x1
 826 0055 50       		.byte	0x50
 827 0056 0A000000 		.4byte	.LVL6
 828 005a 24000000 		.4byte	.LVL9
 829 005e 0300     		.2byte	0x3
 830 0060 70       		.byte	0x70
 831 0061 01       		.sleb128 1
 832 0062 9F       		.byte	0x9f
 833 0063 24000000 		.4byte	.LVL9
 834 0067 2A000000 		.4byte	.LVL10
ARM GAS  C:\Users\dmeichle\AppData\Local\Temp\cctcMYwg.s 			page 18


 835 006b 0100     		.2byte	0x1
 836 006d 50       		.byte	0x50
 837 006e 00000000 		.4byte	0
 838 0072 00000000 		.4byte	0
 839              	.LLST3:
 840 0076 04000000 		.4byte	.LVL4
 841 007a 0A000000 		.4byte	.LVL6
 842 007e 0200     		.2byte	0x2
 843 0080 30       		.byte	0x30
 844 0081 9F       		.byte	0x9f
 845 0082 0A000000 		.4byte	.LVL6
 846 0086 20000000 		.4byte	.LVL7
 847 008a 0100     		.2byte	0x1
 848 008c 52       		.byte	0x52
 849 008d 22000000 		.4byte	.LVL8
 850 0091 38000000 		.4byte	.LFE4
 851 0095 0100     		.2byte	0x1
 852 0097 52       		.byte	0x52
 853 0098 00000000 		.4byte	0
 854 009c 00000000 		.4byte	0
 855              		.section	.debug_aranges,"",%progbits
 856 0000 34000000 		.4byte	0x34
 857 0004 0200     		.2byte	0x2
 858 0006 00000000 		.4byte	.Ldebug_info0
 859 000a 04       		.byte	0x4
 860 000b 00       		.byte	0
 861 000c 0000     		.2byte	0
 862 000e 0000     		.2byte	0
 863 0010 00000000 		.4byte	.LFB1
 864 0014 24000000 		.4byte	.LFE1-.LFB1
 865 0018 00000000 		.4byte	.LFB3
 866 001c 1C000000 		.4byte	.LFE3-.LFB3
 867 0020 00000000 		.4byte	.LFB4
 868 0024 38000000 		.4byte	.LFE4-.LFB4
 869 0028 00000000 		.4byte	.LFB2
 870 002c A0000000 		.4byte	.LFE2-.LFB2
 871 0030 00000000 		.4byte	0
 872 0034 00000000 		.4byte	0
 873              		.section	.debug_ranges,"",%progbits
 874              	.Ldebug_ranges0:
 875 0000 00000000 		.4byte	.LFB1
 876 0004 24000000 		.4byte	.LFE1
 877 0008 00000000 		.4byte	.LFB3
 878 000c 1C000000 		.4byte	.LFE3
 879 0010 00000000 		.4byte	.LFB4
 880 0014 38000000 		.4byte	.LFE4
 881 0018 00000000 		.4byte	.LFB2
 882 001c A0000000 		.4byte	.LFE2
 883 0020 00000000 		.4byte	0
 884 0024 00000000 		.4byte	0
 885              		.section	.debug_line,"",%progbits
 886              	.Ldebug_line0:
 887 0000 ED000000 		.section	.debug_str,"MS",%progbits,1
 887      02006900 
 887      00000201 
 887      FB0E0D00 
 887      01010101 
ARM GAS  C:\Users\dmeichle\AppData\Local\Temp\cctcMYwg.s 			page 19


 888              	.LASF29:
 889 0000 73656E64 		.ascii	"sendLogMessage\000"
 889      4C6F674D 
 889      65737361 
 889      676500
 890              	.LASF17:
 891 000f 70617273 		.ascii	"parseChar\000"
 891      65436861 
 891      7200
 892              	.LASF16:
 893 0019 5F676574 		.ascii	"_getBytesAvailable\000"
 893      42797465 
 893      73417661 
 893      696C6162 
 893      6C6500
 894              	.LASF3:
 895 002c 73686F72 		.ascii	"short unsigned int\000"
 895      7420756E 
 895      7369676E 
 895      65642069 
 895      6E7400
 896              	.LASF34:
 897 003f 70617273 		.ascii	"parseRxBuffer\000"
 897      65527842 
 897      75666665 
 897      7200
 898              	.LASF25:
 899 004d 72785772 		.ascii	"rxWriteIndex\000"
 899      69746549 
 899      6E646578 
 899      00
 900              	.LASF9:
 901 005a 666C6F61 		.ascii	"float\000"
 901      7400
 902              	.LASF1:
 903 0060 756E7369 		.ascii	"unsigned char\000"
 903      676E6564 
 903      20636861 
 903      7200
 904              	.LASF30:
 905 006e 474E5520 		.ascii	"GNU C11 5.4.1 20160609 (release) [ARM/embedded-5-br"
 905      43313120 
 905      352E342E 
 905      31203230 
 905      31363036 
 906 00a1 616E6368 		.ascii	"anch revision 237715] -mcpu=cortex-m3 -mthumb -g -O"
 906      20726576 
 906      6973696F 
 906      6E203233 
 906      37373135 
 907 00d4 67202D66 		.ascii	"g -ffunction-sections -ffat-lto-objects\000"
 907      66756E63 
 907      74696F6E 
 907      2D736563 
 907      74696F6E 
 908              	.LASF21:
 909 00fc 64617461 		.ascii	"dataPtr\000"
ARM GAS  C:\Users\dmeichle\AppData\Local\Temp\cctcMYwg.s 			page 20


 909      50747200 
 910              	.LASF5:
 911 0104 6C6F6E67 		.ascii	"long unsigned int\000"
 911      20756E73 
 911      69676E65 
 911      6420696E 
 911      7400
 912              	.LASF33:
 913 0116 75696E74 		.ascii	"uint8\000"
 913      3800
 914              	.LASF24:
 915 011c 72785265 		.ascii	"rxReadIndex\000"
 915      6164496E 
 915      64657800 
 916              	.LASF20:
 917 0128 61466C6F 		.ascii	"aFloat\000"
 917      617400
 918              	.LASF22:
 919 012f 62797465 		.ascii	"byteCounter\000"
 919      436F756E 
 919      74657200 
 920              	.LASF10:
 921 013b 646F7562 		.ascii	"double\000"
 921      6C6500
 922              	.LASF28:
 923 0142 43794465 		.ascii	"CyDelayUs\000"
 923      6C617955 
 923      7300
 924              	.LASF32:
 925 014c 433A5C55 		.ascii	"C:\\Users\\dmeichle\\Desktop\\Code\\Quench\\BNL\\PS"
 925      73657273 
 925      5C646D65 
 925      6963686C 
 925      655C4465 
 926 0178 6F435F54 		.ascii	"oC_Template_Workspace\\PSoC_Template_Project.cydsn\000"
 926      656D706C 
 926      6174655F 
 926      576F726B 
 926      73706163 
 927              	.LASF23:
 928 01aa 72786275 		.ascii	"rxbuf\000"
 928      6600
 929              	.LASF8:
 930 01b0 756E7369 		.ascii	"unsigned int\000"
 930      676E6564 
 930      20696E74 
 930      00
 931              	.LASF19:
 932 01bd 70617273 		.ascii	"parseFloat\000"
 932      65466C6F 
 932      617400
 933              	.LASF7:
 934 01c8 6C6F6E67 		.ascii	"long long unsigned int\000"
 934      206C6F6E 
 934      6720756E 
 934      7369676E 
 934      65642069 
ARM GAS  C:\Users\dmeichle\AppData\Local\Temp\cctcMYwg.s 			page 21


 935              	.LASF14:
 936 01df 73746570 		.ascii	"step\000"
 936      00
 937              	.LASF12:
 938 01e4 6C6F6E67 		.ascii	"long double\000"
 938      20646F75 
 938      626C6500 
 939              	.LASF13:
 940 01f0 73697A65 		.ascii	"sizetype\000"
 940      74797065 
 940      00
 941              	.LASF6:
 942 01f9 6C6F6E67 		.ascii	"long long int\000"
 942      206C6F6E 
 942      6720696E 
 942      7400
 943              	.LASF18:
 944 0207 72784368 		.ascii	"rxChar\000"
 944      617200
 945              	.LASF11:
 946 020e 63686172 		.ascii	"char\000"
 946      00
 947              	.LASF31:
 948 0213 6973725F 		.ascii	"isr_rx_helper.c\000"
 948      72785F68 
 948      656C7065 
 948      722E6300 
 949              	.LASF2:
 950 0223 73686F72 		.ascii	"short int\000"
 950      7420696E 
 950      7400
 951              	.LASF26:
 952 022d 72785265 		.ascii	"rxReadChar\000"
 952      61644368 
 952      617200
 953              	.LASF4:
 954 0238 6C6F6E67 		.ascii	"long int\000"
 954      20696E74 
 954      00
 955              	.LASF27:
 956 0241 72785265 		.ascii	"rxReadFloat\000"
 956      6164466C 
 956      6F617400 
 957              	.LASF0:
 958 024d 7369676E 		.ascii	"signed char\000"
 958      65642063 
 958      68617200 
 959              	.LASF15:
 960 0259 6E756D42 		.ascii	"numBytesAvailable\000"
 960      79746573 
 960      41766169 
 960      6C61626C 
 960      6500
 961              		.ident	"GCC: (GNU Tools for ARM Embedded Processors) 5.4.1 20160609 (release) [ARM/embedded-5-bran
