ARM GAS  C:\Users\dmeichle\AppData\Local\Temp\ccOsy8Pl.s 			page 1


   1              		.syntax unified
   2              		.cpu cortex-m3
   3              		.fpu softvfp
   4              		.eabi_attribute 20, 1
   5              		.eabi_attribute 21, 1
   6              		.eabi_attribute 23, 3
   7              		.eabi_attribute 24, 1
   8              		.eabi_attribute 25, 1
   9              		.eabi_attribute 26, 1
  10              		.eabi_attribute 30, 1
  11              		.eabi_attribute 34, 1
  12              		.eabi_attribute 18, 4
  13              		.thumb
  14              		.syntax unified
  15              		.file	"MessageHandler.c"
  16              		.text
  17              	.Ltext0:
  18              		.cfi_sections	.debug_frame
  19              		.section	.text._sendHeadMagicNumber,"ax",%progbits
  20              		.align	2
  21              		.thumb
  22              		.thumb_func
  23              		.type	_sendHeadMagicNumber, %function
  24              	_sendHeadMagicNumber:
  25              	.LFB5:
  26              		.file 1 "MessageHandler.c"
   1:MessageHandler.c **** /* ========================================
   2:MessageHandler.c ****  *
   3:MessageHandler.c ****  * Copyright YOUR COMPANY, THE YEAR
   4:MessageHandler.c ****  * All Rights Reserved
   5:MessageHandler.c ****  * UNPUBLISHED, LICENSED SOFTWARE.
   6:MessageHandler.c ****  *
   7:MessageHandler.c ****  * CONFIDENTIAL AND PROPRIETARY INFORMATION
   8:MessageHandler.c ****  * WHICH IS THE PROPERTY OF your company.
   9:MessageHandler.c ****  *
  10:MessageHandler.c ****  * ========================================
  11:MessageHandler.c **** */
  12:MessageHandler.c **** 
  13:MessageHandler.c **** /* [] END OF FILE */
  14:MessageHandler.c **** 
  15:MessageHandler.c **** #include "MessageHandler.h"
  16:MessageHandler.c **** //#include <device.h>
  17:MessageHandler.c **** 
  18:MessageHandler.c **** #include <stdio.h>
  19:MessageHandler.c **** #include <stdarg.h>
  20:MessageHandler.c **** #include <string.h>
  21:MessageHandler.c **** 
  22:MessageHandler.c **** #define MAGIC_HEAD_NUMBER (uint8)165 //165 = 0xA5 in hex
  23:MessageHandler.c **** #define MAGIC_TAIL_NUMBER (uint8)182 //182 = 0xB6 in hex
  24:MessageHandler.c **** 
  25:MessageHandler.c **** //define private functions here
  26:MessageHandler.c **** static void _sendHeader();
  27:MessageHandler.c **** static void _sendPayload();
  28:MessageHandler.c **** static void _sendTail();
  29:MessageHandler.c **** static void _sendHeadMagicNumber();
  30:MessageHandler.c **** static void _sendTailMagicNumber();
  31:MessageHandler.c ****     
ARM GAS  C:\Users\dmeichle\AppData\Local\Temp\ccOsy8Pl.s 			page 2


  32:MessageHandler.c **** static uint8  _headerBuff[4] = {0};
  33:MessageHandler.c **** static uint8  _tailBuff[4]   = {0};
  34:MessageHandler.c **** static uint8  _timestampBuff[4] = {0};
  35:MessageHandler.c **** static uint8*  _payload; 
  36:MessageHandler.c **** static uint16 _numBytes; 
  37:MessageHandler.c **** static uint8  _messageType;
  38:MessageHandler.c **** static uint8  _messageFlag;
  39:MessageHandler.c **** 
  40:MessageHandler.c **** extern uint32 SysTicksMS; 
  41:MessageHandler.c **** 
  42:MessageHandler.c **** void constructHeader(uint8 messageType, uint8 messageFlag, uint16 payloadBytes, void* payload)
  43:MessageHandler.c **** {
  44:MessageHandler.c ****     uint8* bytePtr = (uint8*) &payloadBytes;
  45:MessageHandler.c ****     //Populate Header Buffer
  46:MessageHandler.c ****     
  47:MessageHandler.c ****     _headerBuff[0] = messageType; 
  48:MessageHandler.c ****     _headerBuff[1] = messageFlag;
  49:MessageHandler.c ****     
  50:MessageHandler.c ****     //pack payloadBytes (lenght of payload in bytes)
  51:MessageHandler.c ****     _headerBuff[2] = *bytePtr++;
  52:MessageHandler.c ****     _headerBuff[3] = *bytePtr;
  53:MessageHandler.c ****     
  54:MessageHandler.c ****     //update global timestamp
  55:MessageHandler.c ****     #if(UPDATE_TIMESTAMP_FOR_EACH_PACKET)
  56:MessageHandler.c ****         //SysTicksMS = SysTimers_GetSysTickValue();
  57:MessageHandler.c ****         SysTicksMS = 1; 
  58:MessageHandler.c ****     #endif 
  59:MessageHandler.c ****     //pack timestamp 
  60:MessageHandler.c ****     bytePtr = (uint8*)&SysTicksMS; 
  61:MessageHandler.c ****     _timestampBuff[0] = *bytePtr++;
  62:MessageHandler.c ****     _timestampBuff[1] = *bytePtr++;
  63:MessageHandler.c ****     _timestampBuff[2] = *bytePtr++;
  64:MessageHandler.c ****     _timestampBuff[3] = *bytePtr;
  65:MessageHandler.c ****     
  66:MessageHandler.c ****     //record message descriptors
  67:MessageHandler.c ****     _messageType = messageType; 
  68:MessageHandler.c ****     _messageFlag = messageFlag;   
  69:MessageHandler.c ****     _numBytes = payloadBytes;
  70:MessageHandler.c **** }
  71:MessageHandler.c **** 
  72:MessageHandler.c **** static void _sendHeader()
  73:MessageHandler.c **** {
  74:MessageHandler.c ****     UART_1_PutChar( _headerBuff[0] ); 
  75:MessageHandler.c ****     UART_1_PutChar( _headerBuff[1] ); 
  76:MessageHandler.c ****     UART_1_PutChar( _headerBuff[2] ); 
  77:MessageHandler.c ****     UART_1_PutChar( _headerBuff[3] ); 
  78:MessageHandler.c ****     
  79:MessageHandler.c ****     UART_1_PutChar( _timestampBuff[0] ); 
  80:MessageHandler.c ****     UART_1_PutChar( _timestampBuff[1] ); 
  81:MessageHandler.c ****     UART_1_PutChar( _timestampBuff[2] ); 
  82:MessageHandler.c ****     UART_1_PutChar( _timestampBuff[3] );
  83:MessageHandler.c **** }
  84:MessageHandler.c **** 
  85:MessageHandler.c **** static void _sendPayload()
  86:MessageHandler.c **** {
  87:MessageHandler.c ****        
  88:MessageHandler.c ****     uint8* bytePty = (uint8*) _payload;
ARM GAS  C:\Users\dmeichle\AppData\Local\Temp\ccOsy8Pl.s 			page 3


  89:MessageHandler.c ****     uint16 byteCounter;    
  90:MessageHandler.c ****    
  91:MessageHandler.c ****     for(byteCounter = 0; byteCounter < _numBytes; byteCounter++)
  92:MessageHandler.c ****     {
  93:MessageHandler.c ****         UART_1_PutChar( *bytePty++ );
  94:MessageHandler.c ****     }
  95:MessageHandler.c **** }
  96:MessageHandler.c **** 
  97:MessageHandler.c **** static void _sendTail()
  98:MessageHandler.c **** {     
  99:MessageHandler.c ****     //Todo: add meaningful tail. will need to adjust tailsize in Packet.__init__()
 100:MessageHandler.c ****     
 101:MessageHandler.c ****     /*
 102:MessageHandler.c ****     UART_1_PutChar( _tailBuff[0] );
 103:MessageHandler.c ****     UART_1_PutChar( _tailBuff[1] );
 104:MessageHandler.c ****     UART_1_PutChar( _tailBuff[2] );
 105:MessageHandler.c ****     UART_1_PutChar( _tailBuff[3] );   
 106:MessageHandler.c ****     */
 107:MessageHandler.c ****     _sendTailMagicNumber();
 108:MessageHandler.c **** }
 109:MessageHandler.c **** 
 110:MessageHandler.c **** static void _sendHeadMagicNumber()
 111:MessageHandler.c **** {        
  27              		.loc 1 111 0
  28              		.cfi_startproc
  29              		@ args = 0, pretend = 0, frame = 0
  30              		@ frame_needed = 0, uses_anonymous_args = 0
  31 0000 08B5     		push	{r3, lr}
  32              		.cfi_def_cfa_offset 8
  33              		.cfi_offset 3, -8
  34              		.cfi_offset 14, -4
 112:MessageHandler.c ****     UART_1_PutChar( MAGIC_HEAD_NUMBER );
  35              		.loc 1 112 0
  36 0002 A520     		movs	r0, #165
  37 0004 FFF7FEFF 		bl	UART_1_PutChar
  38              	.LVL0:
 113:MessageHandler.c ****     UART_1_PutChar( MAGIC_HEAD_NUMBER );
  39              		.loc 1 113 0
  40 0008 A520     		movs	r0, #165
  41 000a FFF7FEFF 		bl	UART_1_PutChar
  42              	.LVL1:
 114:MessageHandler.c ****     UART_1_PutChar( MAGIC_HEAD_NUMBER );
  43              		.loc 1 114 0
  44 000e A520     		movs	r0, #165
  45 0010 FFF7FEFF 		bl	UART_1_PutChar
  46              	.LVL2:
 115:MessageHandler.c ****     UART_1_PutChar( MAGIC_HEAD_NUMBER );
  47              		.loc 1 115 0
  48 0014 A520     		movs	r0, #165
  49 0016 FFF7FEFF 		bl	UART_1_PutChar
  50              	.LVL3:
  51 001a 08BD     		pop	{r3, pc}
  52              		.cfi_endproc
  53              	.LFE5:
  54              		.size	_sendHeadMagicNumber, .-_sendHeadMagicNumber
  55              		.section	.text._sendHeader,"ax",%progbits
  56              		.align	2
ARM GAS  C:\Users\dmeichle\AppData\Local\Temp\ccOsy8Pl.s 			page 4


  57              		.thumb
  58              		.thumb_func
  59              		.type	_sendHeader, %function
  60              	_sendHeader:
  61              	.LFB2:
  73:MessageHandler.c ****     UART_1_PutChar( _headerBuff[0] ); 
  62              		.loc 1 73 0
  63              		.cfi_startproc
  64              		@ args = 0, pretend = 0, frame = 0
  65              		@ frame_needed = 0, uses_anonymous_args = 0
  66 0000 10B5     		push	{r4, lr}
  67              		.cfi_def_cfa_offset 8
  68              		.cfi_offset 4, -8
  69              		.cfi_offset 14, -4
  74:MessageHandler.c ****     UART_1_PutChar( _headerBuff[1] ); 
  70              		.loc 1 74 0
  71 0002 0D4C     		ldr	r4, .L5
  72 0004 2078     		ldrb	r0, [r4]	@ zero_extendqisi2
  73 0006 FFF7FEFF 		bl	UART_1_PutChar
  74              	.LVL4:
  75:MessageHandler.c ****     UART_1_PutChar( _headerBuff[2] ); 
  75              		.loc 1 75 0
  76 000a 6078     		ldrb	r0, [r4, #1]	@ zero_extendqisi2
  77 000c FFF7FEFF 		bl	UART_1_PutChar
  78              	.LVL5:
  76:MessageHandler.c ****     UART_1_PutChar( _headerBuff[3] ); 
  79              		.loc 1 76 0
  80 0010 A078     		ldrb	r0, [r4, #2]	@ zero_extendqisi2
  81 0012 FFF7FEFF 		bl	UART_1_PutChar
  82              	.LVL6:
  77:MessageHandler.c ****     
  83              		.loc 1 77 0
  84 0016 E078     		ldrb	r0, [r4, #3]	@ zero_extendqisi2
  85 0018 FFF7FEFF 		bl	UART_1_PutChar
  86              	.LVL7:
  79:MessageHandler.c ****     UART_1_PutChar( _timestampBuff[1] ); 
  87              		.loc 1 79 0
  88 001c 2079     		ldrb	r0, [r4, #4]	@ zero_extendqisi2
  89 001e FFF7FEFF 		bl	UART_1_PutChar
  90              	.LVL8:
  80:MessageHandler.c ****     UART_1_PutChar( _timestampBuff[2] ); 
  91              		.loc 1 80 0
  92 0022 6079     		ldrb	r0, [r4, #5]	@ zero_extendqisi2
  93 0024 FFF7FEFF 		bl	UART_1_PutChar
  94              	.LVL9:
  81:MessageHandler.c ****     UART_1_PutChar( _timestampBuff[3] );
  95              		.loc 1 81 0
  96 0028 A079     		ldrb	r0, [r4, #6]	@ zero_extendqisi2
  97 002a FFF7FEFF 		bl	UART_1_PutChar
  98              	.LVL10:
  82:MessageHandler.c **** }
  99              		.loc 1 82 0
 100 002e E079     		ldrb	r0, [r4, #7]	@ zero_extendqisi2
 101 0030 FFF7FEFF 		bl	UART_1_PutChar
 102              	.LVL11:
 103 0034 10BD     		pop	{r4, pc}
 104              	.L6:
ARM GAS  C:\Users\dmeichle\AppData\Local\Temp\ccOsy8Pl.s 			page 5


 105 0036 00BF     		.align	2
 106              	.L5:
 107 0038 00000000 		.word	.LANCHOR0
 108              		.cfi_endproc
 109              	.LFE2:
 110              		.size	_sendHeader, .-_sendHeader
 111              		.section	.text._sendPayload,"ax",%progbits
 112              		.align	2
 113              		.thumb
 114              		.thumb_func
 115              		.type	_sendPayload, %function
 116              	_sendPayload:
 117              	.LFB3:
  86:MessageHandler.c ****        
 118              		.loc 1 86 0
 119              		.cfi_startproc
 120              		@ args = 0, pretend = 0, frame = 0
 121              		@ frame_needed = 0, uses_anonymous_args = 0
 122 0000 38B5     		push	{r3, r4, r5, lr}
 123              		.cfi_def_cfa_offset 16
 124              		.cfi_offset 3, -16
 125              		.cfi_offset 4, -12
 126              		.cfi_offset 5, -8
 127              		.cfi_offset 14, -4
  88:MessageHandler.c ****     uint16 byteCounter;    
 128              		.loc 1 88 0
 129 0002 084B     		ldr	r3, .L11
 130 0004 9B68     		ldr	r3, [r3, #8]
 131              	.LVL12:
  91:MessageHandler.c ****     {
 132              		.loc 1 91 0
 133 0006 0024     		movs	r4, #0
 134 0008 06E0     		b	.L8
 135              	.LVL13:
 136              	.L9:
  93:MessageHandler.c ****     }
 137              		.loc 1 93 0 discriminator 3
 138 000a 5D1C     		adds	r5, r3, #1
 139              	.LVL14:
 140 000c 1878     		ldrb	r0, [r3]	@ zero_extendqisi2
 141 000e FFF7FEFF 		bl	UART_1_PutChar
 142              	.LVL15:
  91:MessageHandler.c ****     {
 143              		.loc 1 91 0 discriminator 3
 144 0012 0134     		adds	r4, r4, #1
 145              	.LVL16:
 146 0014 A4B2     		uxth	r4, r4
 147              	.LVL17:
  93:MessageHandler.c ****     }
 148              		.loc 1 93 0 discriminator 3
 149 0016 2B46     		mov	r3, r5
 150              	.LVL18:
 151              	.L8:
  91:MessageHandler.c ****     {
 152              		.loc 1 91 0 discriminator 1
 153 0018 024A     		ldr	r2, .L11
 154 001a 9289     		ldrh	r2, [r2, #12]
ARM GAS  C:\Users\dmeichle\AppData\Local\Temp\ccOsy8Pl.s 			page 6


 155 001c 9442     		cmp	r4, r2
 156 001e F4D3     		bcc	.L9
  95:MessageHandler.c **** 
 157              		.loc 1 95 0
 158 0020 38BD     		pop	{r3, r4, r5, pc}
 159              	.LVL19:
 160              	.L12:
 161 0022 00BF     		.align	2
 162              	.L11:
 163 0024 00000000 		.word	.LANCHOR0
 164              		.cfi_endproc
 165              	.LFE3:
 166              		.size	_sendPayload, .-_sendPayload
 167              		.section	.text._sendTailMagicNumber,"ax",%progbits
 168              		.align	2
 169              		.thumb
 170              		.thumb_func
 171              		.type	_sendTailMagicNumber, %function
 172              	_sendTailMagicNumber:
 173              	.LFB6:
 116:MessageHandler.c **** }   
 117:MessageHandler.c **** 
 118:MessageHandler.c **** static void _sendTailMagicNumber()
 119:MessageHandler.c **** {
 174              		.loc 1 119 0
 175              		.cfi_startproc
 176              		@ args = 0, pretend = 0, frame = 0
 177              		@ frame_needed = 0, uses_anonymous_args = 0
 178 0000 08B5     		push	{r3, lr}
 179              		.cfi_def_cfa_offset 8
 180              		.cfi_offset 3, -8
 181              		.cfi_offset 14, -4
 120:MessageHandler.c ****     UART_1_PutChar( MAGIC_TAIL_NUMBER );
 182              		.loc 1 120 0
 183 0002 B620     		movs	r0, #182
 184 0004 FFF7FEFF 		bl	UART_1_PutChar
 185              	.LVL20:
 121:MessageHandler.c ****     UART_1_PutChar( MAGIC_TAIL_NUMBER );
 186              		.loc 1 121 0
 187 0008 B620     		movs	r0, #182
 188 000a FFF7FEFF 		bl	UART_1_PutChar
 189              	.LVL21:
 122:MessageHandler.c ****     UART_1_PutChar( MAGIC_TAIL_NUMBER );
 190              		.loc 1 122 0
 191 000e B620     		movs	r0, #182
 192 0010 FFF7FEFF 		bl	UART_1_PutChar
 193              	.LVL22:
 123:MessageHandler.c ****     UART_1_PutChar( MAGIC_TAIL_NUMBER );
 194              		.loc 1 123 0
 195 0014 B620     		movs	r0, #182
 196 0016 FFF7FEFF 		bl	UART_1_PutChar
 197              	.LVL23:
 198 001a 08BD     		pop	{r3, pc}
 199              		.cfi_endproc
 200              	.LFE6:
 201              		.size	_sendTailMagicNumber, .-_sendTailMagicNumber
 202              		.section	.text._sendTail,"ax",%progbits
ARM GAS  C:\Users\dmeichle\AppData\Local\Temp\ccOsy8Pl.s 			page 7


 203              		.align	2
 204              		.thumb
 205              		.thumb_func
 206              		.type	_sendTail, %function
 207              	_sendTail:
 208              	.LFB4:
  98:MessageHandler.c ****     //Todo: add meaningful tail. will need to adjust tailsize in Packet.__init__()
 209              		.loc 1 98 0
 210              		.cfi_startproc
 211              		@ args = 0, pretend = 0, frame = 0
 212              		@ frame_needed = 0, uses_anonymous_args = 0
 213 0000 08B5     		push	{r3, lr}
 214              		.cfi_def_cfa_offset 8
 215              		.cfi_offset 3, -8
 216              		.cfi_offset 14, -4
 107:MessageHandler.c **** }
 217              		.loc 1 107 0
 218 0002 FFF7FEFF 		bl	_sendTailMagicNumber
 219              	.LVL24:
 220 0006 08BD     		pop	{r3, pc}
 221              		.cfi_endproc
 222              	.LFE4:
 223              		.size	_sendTail, .-_sendTail
 224              		.section	.text.constructHeader,"ax",%progbits
 225              		.align	2
 226              		.global	constructHeader
 227              		.thumb
 228              		.thumb_func
 229              		.type	constructHeader, %function
 230              	constructHeader:
 231              	.LFB1:
  43:MessageHandler.c ****     uint8* bytePtr = (uint8*) &payloadBytes;
 232              		.loc 1 43 0
 233              		.cfi_startproc
 234              		@ args = 0, pretend = 0, frame = 8
 235              		@ frame_needed = 0, uses_anonymous_args = 0
 236              		@ link register save eliminated.
 237              	.LVL25:
 238 0000 10B4     		push	{r4}
 239              		.cfi_def_cfa_offset 4
 240              		.cfi_offset 4, -4
 241 0002 83B0     		sub	sp, sp, #12
 242              		.cfi_def_cfa_offset 16
 243              	.LVL26:
  47:MessageHandler.c ****     _headerBuff[1] = messageFlag;
 244              		.loc 1 47 0
 245 0004 094B     		ldr	r3, .L19
 246              	.LVL27:
 247 0006 1870     		strb	r0, [r3]
  48:MessageHandler.c ****     
 248              		.loc 1 48 0
 249 0008 5970     		strb	r1, [r3, #1]
 250              	.LVL28:
  51:MessageHandler.c ****     _headerBuff[3] = *bytePtr;
 251              		.loc 1 51 0
 252 000a 9A70     		strb	r2, [r3, #2]
  52:MessageHandler.c ****     
ARM GAS  C:\Users\dmeichle\AppData\Local\Temp\ccOsy8Pl.s 			page 8


 253              		.loc 1 52 0
 254 000c 110A     		lsrs	r1, r2, #8
 255              	.LVL29:
 256 000e D970     		strb	r1, [r3, #3]
  57:MessageHandler.c ****     #endif 
 257              		.loc 1 57 0
 258 0010 0121     		movs	r1, #1
 259 0012 074C     		ldr	r4, .L19+4
 260 0014 2160     		str	r1, [r4]
 261              	.LVL30:
  61:MessageHandler.c ****     _timestampBuff[1] = *bytePtr++;
 262              		.loc 1 61 0
 263 0016 1971     		strb	r1, [r3, #4]
 264              	.LVL31:
  62:MessageHandler.c ****     _timestampBuff[2] = *bytePtr++;
 265              		.loc 1 62 0
 266 0018 0021     		movs	r1, #0
 267 001a 5971     		strb	r1, [r3, #5]
 268              	.LVL32:
  63:MessageHandler.c ****     _timestampBuff[3] = *bytePtr;
 269              		.loc 1 63 0
 270 001c 9971     		strb	r1, [r3, #6]
  64:MessageHandler.c ****     
 271              		.loc 1 64 0
 272 001e D971     		strb	r1, [r3, #7]
  67:MessageHandler.c ****     _messageFlag = messageFlag;   
 273              		.loc 1 67 0
 274 0020 9873     		strb	r0, [r3, #14]
  69:MessageHandler.c **** }
 275              		.loc 1 69 0
 276 0022 9A81     		strh	r2, [r3, #12]	@ movhi
  70:MessageHandler.c **** 
 277              		.loc 1 70 0
 278 0024 03B0     		add	sp, sp, #12
 279              		.cfi_def_cfa_offset 4
 280              		@ sp needed
 281 0026 10BC     		pop	{r4}
 282              		.cfi_restore 4
 283              		.cfi_def_cfa_offset 0
 284 0028 7047     		bx	lr
 285              	.L20:
 286 002a 00BF     		.align	2
 287              	.L19:
 288 002c 00000000 		.word	.LANCHOR0
 289 0030 00000000 		.word	SysTicksMS
 290              		.cfi_endproc
 291              	.LFE1:
 292              		.size	constructHeader, .-constructHeader
 293              		.section	.text.sendPacket,"ax",%progbits
 294              		.align	2
 295              		.global	sendPacket
 296              		.thumb
 297              		.thumb_func
 298              		.type	sendPacket, %function
 299              	sendPacket:
 300              	.LFB7:
 124:MessageHandler.c **** }
ARM GAS  C:\Users\dmeichle\AppData\Local\Temp\ccOsy8Pl.s 			page 9


 125:MessageHandler.c **** 
 126:MessageHandler.c **** void sendPacket()
 127:MessageHandler.c **** {
 301              		.loc 1 127 0
 302              		.cfi_startproc
 303              		@ args = 0, pretend = 0, frame = 0
 304              		@ frame_needed = 0, uses_anonymous_args = 0
 305 0000 08B5     		push	{r3, lr}
 306              		.cfi_def_cfa_offset 8
 307              		.cfi_offset 3, -8
 308              		.cfi_offset 14, -4
 128:MessageHandler.c ****     //sends 4 byte header to UART
 129:MessageHandler.c ****     //only if message is not a flag (ie it is log message, binary or float data) sends payload
 130:MessageHandler.c ****     
 131:MessageHandler.c **** #if (1 == ENABLE_RATTLESNAKE_COMMUNICATION)
 132:MessageHandler.c ****     CyDelayUs( UART_PACKET_DELAY_MS ); // short delay to throttle absolute maximum number of packet
 309              		.loc 1 132 0
 310 0002 0120     		movs	r0, #1
 311 0004 FFF7FEFF 		bl	CyDelayUs
 312              	.LVL33:
 133:MessageHandler.c ****     _sendHeadMagicNumber();
 313              		.loc 1 133 0
 314 0008 FFF7FEFF 		bl	_sendHeadMagicNumber
 315              	.LVL34:
 134:MessageHandler.c ****     _sendHeader();
 316              		.loc 1 134 0
 317 000c FFF7FEFF 		bl	_sendHeader
 318              	.LVL35:
 135:MessageHandler.c ****     if( _messageType != MESSAGE_TYPE_FLAG )
 319              		.loc 1 135 0
 320 0010 044B     		ldr	r3, .L24
 321 0012 9B7B     		ldrb	r3, [r3, #14]	@ zero_extendqisi2
 322 0014 042B     		cmp	r3, #4
 323 0016 01D0     		beq	.L22
 136:MessageHandler.c ****     {
 137:MessageHandler.c ****         _sendPayload();
 324              		.loc 1 137 0
 325 0018 FFF7FEFF 		bl	_sendPayload
 326              	.LVL36:
 327              	.L22:
 138:MessageHandler.c ****     }
 139:MessageHandler.c ****     _sendTail();  
 328              		.loc 1 139 0
 329 001c FFF7FEFF 		bl	_sendTail
 330              	.LVL37:
 331 0020 08BD     		pop	{r3, pc}
 332              	.L25:
 333 0022 00BF     		.align	2
 334              	.L24:
 335 0024 00000000 		.word	.LANCHOR0
 336              		.cfi_endproc
 337              	.LFE7:
 338              		.size	sendPacket, .-sendPacket
 339              		.section	.text.constructTail,"ax",%progbits
 340              		.align	2
 341              		.global	constructTail
 342              		.thumb
ARM GAS  C:\Users\dmeichle\AppData\Local\Temp\ccOsy8Pl.s 			page 10


 343              		.thumb_func
 344              		.type	constructTail, %function
 345              	constructTail:
 346              	.LFB8:
 140:MessageHandler.c **** #endif
 141:MessageHandler.c **** }
 142:MessageHandler.c **** 
 143:MessageHandler.c **** void constructTail()
 144:MessageHandler.c **** {
 347              		.loc 1 144 0
 348              		.cfi_startproc
 349              		@ args = 0, pretend = 0, frame = 0
 350              		@ frame_needed = 0, uses_anonymous_args = 0
 351              		@ link register save eliminated.
 352              	.LVL38:
 353 0000 7047     		bx	lr
 354              		.cfi_endproc
 355              	.LFE8:
 356              		.size	constructTail, .-constructTail
 357 0002 00BF     		.section	.text.constructAndSendPacket,"ax",%progbits
 358              		.align	2
 359              		.global	constructAndSendPacket
 360              		.thumb
 361              		.thumb_func
 362              		.type	constructAndSendPacket, %function
 363              	constructAndSendPacket:
 364              	.LFB9:
 145:MessageHandler.c ****     uint8* bytePtr = (uint8*)&SysTicksMS;
 146:MessageHandler.c ****     _tailBuff[0] = *bytePtr++;
 147:MessageHandler.c ****     _tailBuff[1] = *bytePtr++;
 148:MessageHandler.c ****     _tailBuff[2] = *bytePtr++;
 149:MessageHandler.c ****     _tailBuff[3] = *bytePtr;
 150:MessageHandler.c **** }
 151:MessageHandler.c **** 
 152:MessageHandler.c **** void constructAndSendPacket(uint8 messageType, uint8 messageFlag, uint16 payloadBytes, void* thePay
 153:MessageHandler.c **** {
 365              		.loc 1 153 0
 366              		.cfi_startproc
 367              		@ args = 0, pretend = 0, frame = 0
 368              		@ frame_needed = 0, uses_anonymous_args = 0
 369              	.LVL39:
 370              		.loc 1 153 0
 371 0000 10B5     		push	{r4, lr}
 372              		.cfi_def_cfa_offset 8
 373              		.cfi_offset 4, -8
 374              		.cfi_offset 14, -4
 375 0002 1C46     		mov	r4, r3
 154:MessageHandler.c ****     constructHeader(messageType,messageFlag,payloadBytes,thePayload);
 376              		.loc 1 154 0
 377 0004 FFF7FEFF 		bl	constructHeader
 378              	.LVL40:
 155:MessageHandler.c ****     _payload  = (uint8*) thePayload;
 379              		.loc 1 155 0
 380 0008 034B     		ldr	r3, .L29
 381 000a 9C60     		str	r4, [r3, #8]
 156:MessageHandler.c ****     constructTail(); 
 157:MessageHandler.c ****     sendPacket();
ARM GAS  C:\Users\dmeichle\AppData\Local\Temp\ccOsy8Pl.s 			page 11


 382              		.loc 1 157 0
 383 000c FFF7FEFF 		bl	sendPacket
 384              	.LVL41:
 158:MessageHandler.c ****     CyDelay(UART_PACKET_DELAY_MS); // throttles maximum speed that packets individual packets can b
 385              		.loc 1 158 0
 386 0010 0120     		movs	r0, #1
 387 0012 FFF7FEFF 		bl	CyDelay
 388              	.LVL42:
 389 0016 10BD     		pop	{r4, pc}
 390              	.LVL43:
 391              	.L30:
 392              		.align	2
 393              	.L29:
 394 0018 00000000 		.word	.LANCHOR0
 395              		.cfi_endproc
 396              	.LFE9:
 397              		.size	constructAndSendPacket, .-constructAndSendPacket
 398              		.section	.text.sendLogMessage,"ax",%progbits
 399              		.align	2
 400              		.global	sendLogMessage
 401              		.thumb
 402              		.thumb_func
 403              		.type	sendLogMessage, %function
 404              	sendLogMessage:
 405              	.LFB10:
 159:MessageHandler.c **** }
 160:MessageHandler.c ****     
 161:MessageHandler.c **** 
 162:MessageHandler.c **** void sendLogMessage(const char* format, ...)
 163:MessageHandler.c **** {
 406              		.loc 1 163 0
 407              		.cfi_startproc
 408              		@ args = 4, pretend = 16, frame = 264
 409              		@ frame_needed = 0, uses_anonymous_args = 1
 410              	.LVL44:
 411 0000 0FB4     		push	{r0, r1, r2, r3}
 412              		.cfi_def_cfa_offset 16
 413              		.cfi_offset 0, -16
 414              		.cfi_offset 1, -12
 415              		.cfi_offset 2, -8
 416              		.cfi_offset 3, -4
 417 0002 00B5     		push	{lr}
 418              		.cfi_def_cfa_offset 20
 419              		.cfi_offset 14, -20
 420 0004 C3B0     		sub	sp, sp, #268
 421              		.cfi_def_cfa_offset 288
 422 0006 44AB     		add	r3, sp, #272
 423 0008 53F8042B 		ldr	r2, [r3], #4
 164:MessageHandler.c ****     va_list args; 
 165:MessageHandler.c ****     size_t formatLen;
 166:MessageHandler.c ****     char messageBuf[256];
 167:MessageHandler.c ****     va_start(args, format);
 424              		.loc 1 167 0
 425 000c 4193     		str	r3, [sp, #260]
 168:MessageHandler.c ****     formatLen = vsnprintf(messageBuf, 256, format, args);
 426              		.loc 1 168 0
 427 000e 4FF48071 		mov	r1, #256
ARM GAS  C:\Users\dmeichle\AppData\Local\Temp\ccOsy8Pl.s 			page 12


 428 0012 01A8     		add	r0, sp, #4
 429 0014 FFF7FEFF 		bl	vsnprintf
 430              	.LVL45:
 169:MessageHandler.c ****     va_end(args); 
 170:MessageHandler.c ****     constructAndSendPacket(MESSAGE_TYPE_LOG, MESSAGE_FLAG_NO_FLAG, formatLen, (void*)messageBuf);  
 431              		.loc 1 170 0
 432 0018 01AB     		add	r3, sp, #4
 433 001a 82B2     		uxth	r2, r0
 434 001c 0B21     		movs	r1, #11
 435 001e 0120     		movs	r0, #1
 436              	.LVL46:
 437 0020 FFF7FEFF 		bl	constructAndSendPacket
 438              	.LVL47:
 171:MessageHandler.c **** }...
 439              		.loc 1 171 0
 440 0024 43B0     		add	sp, sp, #268
 441              		.cfi_def_cfa_offset 20
 442              		@ sp needed
 443 0026 5DF804EB 		ldr	lr, [sp], #4
 444              		.cfi_restore 14
 445              		.cfi_def_cfa_offset 16
 446 002a 04B0     		add	sp, sp, #16
 447              		.cfi_restore 3
 448              		.cfi_restore 2
 449              		.cfi_restore 1
 450              		.cfi_restore 0
 451              		.cfi_def_cfa_offset 0
 452 002c 7047     		bx	lr
 453              		.cfi_endproc
 454              	.LFE10:
 455              		.size	sendLogMessage, .-sendLogMessage
 456 002e 00BF     		.bss
 457              		.align	2
 458              		.set	.LANCHOR0,. + 0
 459              		.type	_headerBuff, %object
 460              		.size	_headerBuff, 4
 461              	_headerBuff:
 462 0000 00000000 		.space	4
 463              		.type	_timestampBuff, %object
 464              		.size	_timestampBuff, 4
 465              	_timestampBuff:
 466 0004 00000000 		.space	4
 467              		.type	_payload, %object
 468              		.size	_payload, 4
 469              	_payload:
 470 0008 00000000 		.space	4
 471              		.type	_numBytes, %object
 472              		.size	_numBytes, 2
 473              	_numBytes:
 474 000c 0000     		.space	2
 475              		.type	_messageType, %object
 476              		.size	_messageType, 1
 477              	_messageType:
 478 000e 00       		.space	1
 479              		.text
 480              	.Letext0:
 481              		.file 2 "Generated_Source\\PSoC5/cytypes.h"
ARM GAS  C:\Users\dmeichle\AppData\Local\Temp\ccOsy8Pl.s 			page 13


 482              		.file 3 "c:\\program files (x86)\\cypress\\psoc creator\\4.4\\psoc creator\\import\\gnu\\arm\\5.4.
 483              		.file 4 "c:\\program files (x86)\\cypress\\psoc creator\\4.4\\psoc creator\\import\\gnu\\arm\\5.4.
 484              		.file 5 "Generated_Source\\PSoC5/UART_1.h"
 485              		.file 6 "Generated_Source\\PSoC5/CyLib.h"
 486              		.file 7 "c:\\program files (x86)\\cypress\\psoc creator\\4.4\\psoc creator\\import\\gnu\\arm\\5.4.
 487              		.file 8 "<built-in>"
 488              		.section	.debug_info,"",%progbits
 489              	.Ldebug_info0:
 490 0000 18050000 		.4byte	0x518
 491 0004 0400     		.2byte	0x4
 492 0006 00000000 		.4byte	.Ldebug_abbrev0
 493 000a 04       		.byte	0x4
 494 000b 01       		.uleb128 0x1
 495 000c F9010000 		.4byte	.LASF53
 496 0010 0C       		.byte	0xc
 497 0011 A4020000 		.4byte	.LASF54
 498 0015 25010000 		.4byte	.LASF55
 499 0019 00000000 		.4byte	.Ldebug_ranges0+0
 500 001d 00000000 		.4byte	0
 501 0021 00000000 		.4byte	.Ldebug_line0
 502 0025 02       		.uleb128 0x2
 503 0026 01       		.byte	0x1
 504 0027 06       		.byte	0x6
 505 0028 4A030000 		.4byte	.LASF0
 506 002c 02       		.uleb128 0x2
 507 002d 01       		.byte	0x1
 508 002e 08       		.byte	0x8
 509 002f B7000000 		.4byte	.LASF1
 510 0033 02       		.uleb128 0x2
 511 0034 02       		.byte	0x2
 512 0035 05       		.byte	0x5
 513 0036 FF020000 		.4byte	.LASF2
 514 003a 02       		.uleb128 0x2
 515 003b 02       		.byte	0x2
 516 003c 07       		.byte	0x7
 517 003d 60000000 		.4byte	.LASF3
 518 0041 02       		.uleb128 0x2
 519 0042 04       		.byte	0x4
 520 0043 05       		.byte	0x5
 521 0044 1B030000 		.4byte	.LASF4
 522 0048 02       		.uleb128 0x2
 523 0049 04       		.byte	0x4
 524 004a 07       		.byte	0x7
 525 004b CE000000 		.4byte	.LASF5
 526 004f 02       		.uleb128 0x2
 527 0050 08       		.byte	0x8
 528 0051 05       		.byte	0x5
 529 0052 BF020000 		.4byte	.LASF6
 530 0056 02       		.uleb128 0x2
 531 0057 08       		.byte	0x8
 532 0058 07       		.byte	0x7
 533 0059 BC010000 		.4byte	.LASF7
 534 005d 03       		.uleb128 0x3
 535 005e 04       		.byte	0x4
 536 005f 05       		.byte	0x5
 537 0060 696E7400 		.ascii	"int\000"
 538 0064 02       		.uleb128 0x2
ARM GAS  C:\Users\dmeichle\AppData\Local\Temp\ccOsy8Pl.s 			page 14


 539 0065 04       		.byte	0x4
 540 0066 07       		.byte	0x7
 541 0067 A5010000 		.4byte	.LASF8
 542 006b 04       		.uleb128 0x4
 543 006c E0000000 		.4byte	.LASF9
 544 0070 02       		.byte	0x2
 545 0071 9201     		.2byte	0x192
 546 0073 2C000000 		.4byte	0x2c
 547 0077 04       		.uleb128 0x4
 548 0078 13010000 		.4byte	.LASF10
 549 007c 02       		.byte	0x2
 550 007d 9301     		.2byte	0x193
 551 007f 3A000000 		.4byte	0x3a
 552 0083 04       		.uleb128 0x4
 553 0084 83010000 		.4byte	.LASF11
 554 0088 02       		.byte	0x2
 555 0089 9401     		.2byte	0x194
 556 008b 48000000 		.4byte	0x48
 557 008f 02       		.uleb128 0x2
 558 0090 04       		.byte	0x4
 559 0091 04       		.byte	0x4
 560 0092 A9000000 		.4byte	.LASF12
 561 0096 02       		.uleb128 0x2
 562 0097 08       		.byte	0x8
 563 0098 04       		.byte	0x4
 564 0099 FD000000 		.4byte	.LASF13
 565 009d 02       		.uleb128 0x2
 566 009e 01       		.byte	0x1
 567 009f 08       		.byte	0x8
 568 00a0 0C000000 		.4byte	.LASF14
 569 00a4 05       		.uleb128 0x5
 570 00a5 11000000 		.4byte	.LASF15
 571 00a9 03       		.byte	0x3
 572 00aa D8       		.byte	0xd8
 573 00ab 64000000 		.4byte	0x64
 574 00af 02       		.uleb128 0x2
 575 00b0 08       		.byte	0x8
 576 00b1 04       		.byte	0x4
 577 00b2 31030000 		.4byte	.LASF16
 578 00b6 05       		.uleb128 0x5
 579 00b7 04010000 		.4byte	.LASF17
 580 00bb 04       		.byte	0x4
 581 00bc 28       		.byte	0x28
 582 00bd C1000000 		.4byte	0xc1
 583 00c1 06       		.uleb128 0x6
 584 00c2 B5020000 		.4byte	.LASF56
 585 00c6 04       		.byte	0x4
 586 00c7 08       		.byte	0x8
 587 00c8 00       		.byte	0
 588 00c9 D8000000 		.4byte	0xd8
 589 00cd 07       		.uleb128 0x7
 590 00ce D3010000 		.4byte	.LASF57
 591 00d2 D8000000 		.4byte	0xd8
 592 00d6 00       		.byte	0
 593 00d7 00       		.byte	0
 594 00d8 08       		.uleb128 0x8
 595 00d9 04       		.byte	0x4
ARM GAS  C:\Users\dmeichle\AppData\Local\Temp\ccOsy8Pl.s 			page 15


 596 00da 02       		.uleb128 0x2
 597 00db 04       		.byte	0x4
 598 00dc 07       		.byte	0x7
 599 00dd CD020000 		.4byte	.LASF18
 600 00e1 09       		.uleb128 0x9
 601 00e2 04       		.byte	0x4
 602 00e3 E7000000 		.4byte	0xe7
 603 00e7 0A       		.uleb128 0xa
 604 00e8 9D000000 		.4byte	0x9d
 605 00ec 05       		.uleb128 0x5
 606 00ed AF000000 		.4byte	.LASF19
 607 00f1 04       		.byte	0x4
 608 00f2 62       		.byte	0x62
 609 00f3 B6000000 		.4byte	0xb6
 610 00f7 0B       		.uleb128 0xb
 611 00f8 EA020000 		.4byte	.LASF20
 612 00fc 01       		.byte	0x1
 613 00fd 6E       		.byte	0x6e
 614 00fe 00000000 		.4byte	.LFB5
 615 0102 1C000000 		.4byte	.LFE5-.LFB5
 616 0106 01       		.uleb128 0x1
 617 0107 9C       		.byte	0x9c
 618 0108 59010000 		.4byte	0x159
 619 010c 0C       		.uleb128 0xc
 620 010d 08000000 		.4byte	.LVL0
 621 0111 EF040000 		.4byte	0x4ef
 622 0115 20010000 		.4byte	0x120
 623 0119 0D       		.uleb128 0xd
 624 011a 01       		.uleb128 0x1
 625 011b 50       		.byte	0x50
 626 011c 02       		.uleb128 0x2
 627 011d 09       		.byte	0x9
 628 011e A5       		.byte	0xa5
 629 011f 00       		.byte	0
 630 0120 0C       		.uleb128 0xc
 631 0121 0E000000 		.4byte	.LVL1
 632 0125 EF040000 		.4byte	0x4ef
 633 0129 34010000 		.4byte	0x134
 634 012d 0D       		.uleb128 0xd
 635 012e 01       		.uleb128 0x1
 636 012f 50       		.byte	0x50
 637 0130 02       		.uleb128 0x2
 638 0131 09       		.byte	0x9
 639 0132 A5       		.byte	0xa5
 640 0133 00       		.byte	0
 641 0134 0C       		.uleb128 0xc
 642 0135 14000000 		.4byte	.LVL2
 643 0139 EF040000 		.4byte	0x4ef
 644 013d 48010000 		.4byte	0x148
 645 0141 0D       		.uleb128 0xd
 646 0142 01       		.uleb128 0x1
 647 0143 50       		.byte	0x50
 648 0144 02       		.uleb128 0x2
 649 0145 09       		.byte	0x9
 650 0146 A5       		.byte	0xa5
 651 0147 00       		.byte	0
 652 0148 0E       		.uleb128 0xe
ARM GAS  C:\Users\dmeichle\AppData\Local\Temp\ccOsy8Pl.s 			page 16


 653 0149 1A000000 		.4byte	.LVL3
 654 014d EF040000 		.4byte	0x4ef
 655 0151 0D       		.uleb128 0xd
 656 0152 01       		.uleb128 0x1
 657 0153 50       		.byte	0x50
 658 0154 02       		.uleb128 0x2
 659 0155 09       		.byte	0x9
 660 0156 A5       		.byte	0xa5
 661 0157 00       		.byte	0
 662 0158 00       		.byte	0
 663 0159 0B       		.uleb128 0xb
 664 015a 00000000 		.4byte	.LASF21
 665 015e 01       		.byte	0x1
 666 015f 48       		.byte	0x48
 667 0160 00000000 		.4byte	.LFB2
 668 0164 3C000000 		.4byte	.LFE2-.LFB2
 669 0168 01       		.uleb128 0x1
 670 0169 9C       		.byte	0x9c
 671 016a B7010000 		.4byte	0x1b7
 672 016e 0F       		.uleb128 0xf
 673 016f 0A000000 		.4byte	.LVL4
 674 0173 EF040000 		.4byte	0x4ef
 675 0177 0F       		.uleb128 0xf
 676 0178 10000000 		.4byte	.LVL5
 677 017c EF040000 		.4byte	0x4ef
 678 0180 0F       		.uleb128 0xf
 679 0181 16000000 		.4byte	.LVL6
 680 0185 EF040000 		.4byte	0x4ef
 681 0189 0F       		.uleb128 0xf
 682 018a 1C000000 		.4byte	.LVL7
 683 018e EF040000 		.4byte	0x4ef
 684 0192 0F       		.uleb128 0xf
 685 0193 22000000 		.4byte	.LVL8
 686 0197 EF040000 		.4byte	0x4ef
 687 019b 0F       		.uleb128 0xf
 688 019c 28000000 		.4byte	.LVL9
 689 01a0 EF040000 		.4byte	0x4ef
 690 01a4 0F       		.uleb128 0xf
 691 01a5 2E000000 		.4byte	.LVL10
 692 01a9 EF040000 		.4byte	0x4ef
 693 01ad 0F       		.uleb128 0xf
 694 01ae 34000000 		.4byte	.LVL11
 695 01b2 EF040000 		.4byte	0x4ef
 696 01b6 00       		.byte	0
 697 01b7 0B       		.uleb128 0xb
 698 01b8 8D000000 		.4byte	.LASF22
 699 01bc 01       		.byte	0x1
 700 01bd 55       		.byte	0x55
 701 01be 00000000 		.4byte	.LFB3
 702 01c2 28000000 		.4byte	.LFE3-.LFB3
 703 01c6 01       		.uleb128 0x1
 704 01c7 9C       		.byte	0x9c
 705 01c8 F4010000 		.4byte	0x1f4
 706 01cc 10       		.uleb128 0x10
 707 01cd 87020000 		.4byte	.LASF23
 708 01d1 01       		.byte	0x1
 709 01d2 58       		.byte	0x58
ARM GAS  C:\Users\dmeichle\AppData\Local\Temp\ccOsy8Pl.s 			page 17


 710 01d3 F4010000 		.4byte	0x1f4
 711 01d7 00000000 		.4byte	.LLST0
 712 01db 10       		.uleb128 0x10
 713 01dc F1000000 		.4byte	.LASF24
 714 01e0 01       		.byte	0x1
 715 01e1 59       		.byte	0x59
 716 01e2 77000000 		.4byte	0x77
 717 01e6 29000000 		.4byte	.LLST1
 718 01ea 0F       		.uleb128 0xf
 719 01eb 12000000 		.4byte	.LVL15
 720 01ef EF040000 		.4byte	0x4ef
 721 01f3 00       		.byte	0
 722 01f4 09       		.uleb128 0x9
 723 01f5 04       		.byte	0x4
 724 01f6 6B000000 		.4byte	0x6b
 725 01fa 0B       		.uleb128 0xb
 726 01fb 8F020000 		.4byte	.LASF25
 727 01ff 01       		.byte	0x1
 728 0200 76       		.byte	0x76
 729 0201 00000000 		.4byte	.LFB6
 730 0205 1C000000 		.4byte	.LFE6-.LFB6
 731 0209 01       		.uleb128 0x1
 732 020a 9C       		.byte	0x9c
 733 020b 5C020000 		.4byte	0x25c
 734 020f 0C       		.uleb128 0xc
 735 0210 08000000 		.4byte	.LVL20
 736 0214 EF040000 		.4byte	0x4ef
 737 0218 23020000 		.4byte	0x223
 738 021c 0D       		.uleb128 0xd
 739 021d 01       		.uleb128 0x1
 740 021e 50       		.byte	0x50
 741 021f 02       		.uleb128 0x2
 742 0220 09       		.byte	0x9
 743 0221 B6       		.byte	0xb6
 744 0222 00       		.byte	0
 745 0223 0C       		.uleb128 0xc
 746 0224 0E000000 		.4byte	.LVL21
 747 0228 EF040000 		.4byte	0x4ef
 748 022c 37020000 		.4byte	0x237
 749 0230 0D       		.uleb128 0xd
 750 0231 01       		.uleb128 0x1
 751 0232 50       		.byte	0x50
 752 0233 02       		.uleb128 0x2
 753 0234 09       		.byte	0x9
 754 0235 B6       		.byte	0xb6
 755 0236 00       		.byte	0
 756 0237 0C       		.uleb128 0xc
 757 0238 14000000 		.4byte	.LVL22
 758 023c EF040000 		.4byte	0x4ef
 759 0240 4B020000 		.4byte	0x24b
 760 0244 0D       		.uleb128 0xd
 761 0245 01       		.uleb128 0x1
 762 0246 50       		.byte	0x50
 763 0247 02       		.uleb128 0x2
 764 0248 09       		.byte	0x9
 765 0249 B6       		.byte	0xb6
 766 024a 00       		.byte	0
ARM GAS  C:\Users\dmeichle\AppData\Local\Temp\ccOsy8Pl.s 			page 18


 767 024b 0E       		.uleb128 0xe
 768 024c 1A000000 		.4byte	.LVL23
 769 0250 EF040000 		.4byte	0x4ef
 770 0254 0D       		.uleb128 0xd
 771 0255 01       		.uleb128 0x1
 772 0256 50       		.byte	0x50
 773 0257 02       		.uleb128 0x2
 774 0258 09       		.byte	0x9
 775 0259 B6       		.byte	0xb6
 776 025a 00       		.byte	0
 777 025b 00       		.byte	0
 778 025c 0B       		.uleb128 0xb
 779 025d D8010000 		.4byte	.LASF26
 780 0261 01       		.byte	0x1
 781 0262 61       		.byte	0x61
 782 0263 00000000 		.4byte	.LFB4
 783 0267 08000000 		.4byte	.LFE4-.LFB4
 784 026b 01       		.uleb128 0x1
 785 026c 9C       		.byte	0x9c
 786 026d 7B020000 		.4byte	0x27b
 787 0271 0F       		.uleb128 0xf
 788 0272 06000000 		.4byte	.LVL24
 789 0276 FA010000 		.4byte	0x1fa
 790 027a 00       		.byte	0
 791 027b 11       		.uleb128 0x11
 792 027c 50000000 		.4byte	.LASF34
 793 0280 01       		.byte	0x1
 794 0281 2A       		.byte	0x2a
 795 0282 00000000 		.4byte	.LFB1
 796 0286 34000000 		.4byte	.LFE1-.LFB1
 797 028a 01       		.uleb128 0x1
 798 028b 9C       		.byte	0x9c
 799 028c D8020000 		.4byte	0x2d8
 800 0290 12       		.uleb128 0x12
 801 0291 56030000 		.4byte	.LASF27
 802 0295 01       		.byte	0x1
 803 0296 2A       		.byte	0x2a
 804 0297 6B000000 		.4byte	0x6b
 805 029b 01       		.uleb128 0x1
 806 029c 50       		.byte	0x50
 807 029d 13       		.uleb128 0x13
 808 029e 8A010000 		.4byte	.LASF28
 809 02a2 01       		.byte	0x1
 810 02a3 2A       		.byte	0x2a
 811 02a4 6B000000 		.4byte	0x6b
 812 02a8 53000000 		.4byte	.LLST2
 813 02ac 12       		.uleb128 0x12
 814 02ad 24030000 		.4byte	.LASF29
 815 02b1 01       		.byte	0x1
 816 02b2 2A       		.byte	0x2a
 817 02b3 77000000 		.4byte	0x77
 818 02b7 01       		.uleb128 0x1
 819 02b8 52       		.byte	0x52
 820 02b9 13       		.uleb128 0x13
 821 02ba EA010000 		.4byte	.LASF30
 822 02be 01       		.byte	0x1
 823 02bf 2A       		.byte	0x2a
ARM GAS  C:\Users\dmeichle\AppData\Local\Temp\ccOsy8Pl.s 			page 19


 824 02c0 D8000000 		.4byte	0xd8
 825 02c4 75000000 		.4byte	.LLST3
 826 02c8 10       		.uleb128 0x10
 827 02c9 E2010000 		.4byte	.LASF31
 828 02cd 01       		.byte	0x1
 829 02ce 2C       		.byte	0x2c
 830 02cf F4010000 		.4byte	0x1f4
 831 02d3 96000000 		.4byte	.LLST4
 832 02d7 00       		.byte	0
 833 02d8 14       		.uleb128 0x14
 834 02d9 E6000000 		.4byte	.LASF32
 835 02dd 01       		.byte	0x1
 836 02de 7E       		.byte	0x7e
 837 02df 00000000 		.4byte	.LFB7
 838 02e3 28000000 		.4byte	.LFE7-.LFB7
 839 02e7 01       		.uleb128 0x1
 840 02e8 9C       		.byte	0x9c
 841 02e9 25030000 		.4byte	0x325
 842 02ed 0C       		.uleb128 0xc
 843 02ee 08000000 		.4byte	.LVL33
 844 02f2 FA040000 		.4byte	0x4fa
 845 02f6 00030000 		.4byte	0x300
 846 02fa 0D       		.uleb128 0xd
 847 02fb 01       		.uleb128 0x1
 848 02fc 50       		.byte	0x50
 849 02fd 01       		.uleb128 0x1
 850 02fe 31       		.byte	0x31
 851 02ff 00       		.byte	0
 852 0300 0F       		.uleb128 0xf
 853 0301 0C000000 		.4byte	.LVL34
 854 0305 F7000000 		.4byte	0xf7
 855 0309 0F       		.uleb128 0xf
 856 030a 10000000 		.4byte	.LVL35
 857 030e 59010000 		.4byte	0x159
 858 0312 0F       		.uleb128 0xf
 859 0313 1C000000 		.4byte	.LVL36
 860 0317 B7010000 		.4byte	0x1b7
 861 031b 0F       		.uleb128 0xf
 862 031c 20000000 		.4byte	.LVL37
 863 0320 5C020000 		.4byte	0x25c
 864 0324 00       		.byte	0
 865 0325 14       		.uleb128 0x14
 866 0326 62030000 		.4byte	.LASF33
 867 032a 01       		.byte	0x1
 868 032b 8F       		.byte	0x8f
 869 032c 00000000 		.4byte	.LFB8
 870 0330 02000000 		.4byte	.LFE8-.LFB8
 871 0334 01       		.uleb128 0x1
 872 0335 9C       		.byte	0x9c
 873 0336 46030000 		.4byte	0x346
 874 033a 15       		.uleb128 0x15
 875 033b E2010000 		.4byte	.LASF31
 876 033f 01       		.byte	0x1
 877 0340 91       		.byte	0x91
 878 0341 F4010000 		.4byte	0x1f4
 879 0345 00       		.byte	0
 880 0346 11       		.uleb128 0x11
ARM GAS  C:\Users\dmeichle\AppData\Local\Temp\ccOsy8Pl.s 			page 20


 881 0347 22000000 		.4byte	.LASF35
 882 034b 01       		.byte	0x1
 883 034c 98       		.byte	0x98
 884 034d 00000000 		.4byte	.LFB9
 885 0351 1C000000 		.4byte	.LFE9-.LFB9
 886 0355 01       		.uleb128 0x1
 887 0356 9C       		.byte	0x9c
 888 0357 C4030000 		.4byte	0x3c4
 889 035b 13       		.uleb128 0x13
 890 035c 56030000 		.4byte	.LASF27
 891 0360 01       		.byte	0x1
 892 0361 98       		.byte	0x98
 893 0362 6B000000 		.4byte	0x6b
 894 0366 B8000000 		.4byte	.LLST5
 895 036a 13       		.uleb128 0x13
 896 036b 8A010000 		.4byte	.LASF28
 897 036f 01       		.byte	0x1
 898 0370 98       		.byte	0x98
 899 0371 6B000000 		.4byte	0x6b
 900 0375 D9000000 		.4byte	.LLST6
 901 0379 13       		.uleb128 0x13
 902 037a 24030000 		.4byte	.LASF29
 903 037e 01       		.byte	0x1
 904 037f 98       		.byte	0x98
 905 0380 77000000 		.4byte	0x77
 906 0384 FA000000 		.4byte	.LLST7
 907 0388 13       		.uleb128 0x13
 908 0389 73000000 		.4byte	.LASF36
 909 038d 01       		.byte	0x1
 910 038e 98       		.byte	0x98
 911 038f D8000000 		.4byte	0xd8
 912 0393 1B010000 		.4byte	.LLST8
 913 0397 0C       		.uleb128 0xc
 914 0398 08000000 		.4byte	.LVL40
 915 039c 7B020000 		.4byte	0x27b
 916 03a0 AB030000 		.4byte	0x3ab
 917 03a4 0D       		.uleb128 0xd
 918 03a5 01       		.uleb128 0x1
 919 03a6 53       		.byte	0x53
 920 03a7 02       		.uleb128 0x2
 921 03a8 74       		.byte	0x74
 922 03a9 00       		.sleb128 0
 923 03aa 00       		.byte	0
 924 03ab 0F       		.uleb128 0xf
 925 03ac 10000000 		.4byte	.LVL41
 926 03b0 D8020000 		.4byte	0x2d8
 927 03b4 0E       		.uleb128 0xe
 928 03b5 16000000 		.4byte	.LVL42
 929 03b9 05050000 		.4byte	0x505
 930 03bd 0D       		.uleb128 0xd
 931 03be 01       		.uleb128 0x1
 932 03bf 50       		.byte	0x50
 933 03c0 01       		.uleb128 0x1
 934 03c1 31       		.byte	0x31
 935 03c2 00       		.byte	0
 936 03c3 00       		.byte	0
 937 03c4 11       		.uleb128 0x11
ARM GAS  C:\Users\dmeichle\AppData\Local\Temp\ccOsy8Pl.s 			page 21


 938 03c5 9A000000 		.4byte	.LASF37
 939 03c9 01       		.byte	0x1
 940 03ca A2       		.byte	0xa2
 941 03cb 00000000 		.4byte	.LFB10
 942 03cf 2E000000 		.4byte	.LFE10-.LFB10
 943 03d3 01       		.uleb128 0x1
 944 03d4 9C       		.byte	0x9c
 945 03d5 59040000 		.4byte	0x459
 946 03d9 12       		.uleb128 0x12
 947 03da F2010000 		.4byte	.LASF38
 948 03de 01       		.byte	0x1
 949 03df A2       		.byte	0xa2
 950 03e0 E1000000 		.4byte	0xe1
 951 03e4 02       		.uleb128 0x2
 952 03e5 91       		.byte	0x91
 953 03e6 70       		.sleb128 -16
 954 03e7 16       		.uleb128 0x16
 955 03e8 17       		.uleb128 0x17
 956 03e9 09030000 		.4byte	.LASF39
 957 03ed 01       		.byte	0x1
 958 03ee A4       		.byte	0xa4
 959 03ef EC000000 		.4byte	0xec
 960 03f3 02       		.uleb128 0x2
 961 03f4 91       		.byte	0x91
 962 03f5 64       		.sleb128 -28
 963 03f6 10       		.uleb128 0x10
 964 03f7 B2010000 		.4byte	.LASF40
 965 03fb 01       		.byte	0x1
 966 03fc A5       		.byte	0xa5
 967 03fd A4000000 		.4byte	0xa4
 968 0401 47010000 		.4byte	.LLST9
 969 0405 17       		.uleb128 0x17
 970 0406 1A010000 		.4byte	.LASF41
 971 040a 01       		.byte	0x1
 972 040b A6       		.byte	0xa6
 973 040c 59040000 		.4byte	0x459
 974 0410 03       		.uleb128 0x3
 975 0411 91       		.byte	0x91
 976 0412 E47D     		.sleb128 -284
 977 0414 0C       		.uleb128 0xc
 978 0415 18000000 		.4byte	.LVL45
 979 0419 10050000 		.4byte	0x510
 980 041d 3D040000 		.4byte	0x43d
 981 0421 0D       		.uleb128 0xd
 982 0422 01       		.uleb128 0x1
 983 0423 50       		.byte	0x50
 984 0424 03       		.uleb128 0x3
 985 0425 91       		.byte	0x91
 986 0426 C47D     		.sleb128 -316
 987 0428 0D       		.uleb128 0xd
 988 0429 01       		.uleb128 0x1
 989 042a 51       		.byte	0x51
 990 042b 03       		.uleb128 0x3
 991 042c 0A       		.byte	0xa
 992 042d 0001     		.2byte	0x100
 993 042f 0D       		.uleb128 0xd
 994 0430 01       		.uleb128 0x1
ARM GAS  C:\Users\dmeichle\AppData\Local\Temp\ccOsy8Pl.s 			page 22


 995 0431 52       		.byte	0x52
 996 0432 03       		.uleb128 0x3
 997 0433 91       		.byte	0x91
 998 0434 50       		.sleb128 -48
 999 0435 06       		.byte	0x6
 1000 0436 0D       		.uleb128 0xd
 1001 0437 01       		.uleb128 0x1
 1002 0438 53       		.byte	0x53
 1003 0439 02       		.uleb128 0x2
 1004 043a 91       		.byte	0x91
 1005 043b 54       		.sleb128 -44
 1006 043c 00       		.byte	0
 1007 043d 0E       		.uleb128 0xe
 1008 043e 24000000 		.4byte	.LVL47
 1009 0442 46030000 		.4byte	0x346
 1010 0446 0D       		.uleb128 0xd
 1011 0447 01       		.uleb128 0x1
 1012 0448 50       		.byte	0x50
 1013 0449 01       		.uleb128 0x1
 1014 044a 31       		.byte	0x31
 1015 044b 0D       		.uleb128 0xd
 1016 044c 01       		.uleb128 0x1
 1017 044d 51       		.byte	0x51
 1018 044e 01       		.uleb128 0x1
 1019 044f 3B       		.byte	0x3b
 1020 0450 0D       		.uleb128 0xd
 1021 0451 01       		.uleb128 0x1
 1022 0452 53       		.byte	0x53
 1023 0453 03       		.uleb128 0x3
 1024 0454 91       		.byte	0x91
 1025 0455 C47D     		.sleb128 -316
 1026 0457 00       		.byte	0
 1027 0458 00       		.byte	0
 1028 0459 18       		.uleb128 0x18
 1029 045a 9D000000 		.4byte	0x9d
 1030 045e 69040000 		.4byte	0x469
 1031 0462 19       		.uleb128 0x19
 1032 0463 DA000000 		.4byte	0xda
 1033 0467 FF       		.byte	0xff
 1034 0468 00       		.byte	0
 1035 0469 18       		.uleb128 0x18
 1036 046a 6B000000 		.4byte	0x6b
 1037 046e 79040000 		.4byte	0x479
 1038 0472 19       		.uleb128 0x19
 1039 0473 DA000000 		.4byte	0xda
 1040 0477 03       		.byte	0x3
 1041 0478 00       		.byte	0
 1042 0479 17       		.uleb128 0x17
 1043 047a 39000000 		.4byte	.LASF42
 1044 047e 01       		.byte	0x1
 1045 047f 20       		.byte	0x20
 1046 0480 69040000 		.4byte	0x469
 1047 0484 05       		.uleb128 0x5
 1048 0485 03       		.byte	0x3
 1049 0486 00000000 		.4byte	_headerBuff
 1050 048a 15       		.uleb128 0x15
 1051 048b 78030000 		.4byte	.LASF43
ARM GAS  C:\Users\dmeichle\AppData\Local\Temp\ccOsy8Pl.s 			page 23


 1052 048f 01       		.byte	0x1
 1053 0490 21       		.byte	0x21
 1054 0491 69040000 		.4byte	0x469
 1055 0495 17       		.uleb128 0x17
 1056 0496 7E000000 		.4byte	.LASF44
 1057 049a 01       		.byte	0x1
 1058 049b 22       		.byte	0x22
 1059 049c 69040000 		.4byte	0x469
 1060 04a0 05       		.uleb128 0x5
 1061 04a1 03       		.byte	0x3
 1062 04a2 04000000 		.4byte	_timestampBuff
 1063 04a6 17       		.uleb128 0x17
 1064 04a7 C5000000 		.4byte	.LASF45
 1065 04ab 01       		.byte	0x1
 1066 04ac 23       		.byte	0x23
 1067 04ad F4010000 		.4byte	0x1f4
 1068 04b1 05       		.uleb128 0x5
 1069 04b2 03       		.byte	0x3
 1070 04b3 08000000 		.4byte	_payload
 1071 04b7 17       		.uleb128 0x17
 1072 04b8 E0020000 		.4byte	.LASF46
 1073 04bc 01       		.byte	0x1
 1074 04bd 24       		.byte	0x24
 1075 04be 77000000 		.4byte	0x77
 1076 04c2 05       		.uleb128 0x5
 1077 04c3 03       		.byte	0x3
 1078 04c4 0C000000 		.4byte	_numBytes
 1079 04c8 17       		.uleb128 0x17
 1080 04c9 3D030000 		.4byte	.LASF47
 1081 04cd 01       		.byte	0x1
 1082 04ce 25       		.byte	0x25
 1083 04cf 6B000000 		.4byte	0x6b
 1084 04d3 05       		.uleb128 0x5
 1085 04d4 03       		.byte	0x3
 1086 04d5 0E000000 		.4byte	_messageType
 1087 04d9 15       		.uleb128 0x15
 1088 04da 0E030000 		.4byte	.LASF48
 1089 04de 01       		.byte	0x1
 1090 04df 26       		.byte	0x26
 1091 04e0 6B000000 		.4byte	0x6b
 1092 04e4 1A       		.uleb128 0x1a
 1093 04e5 45000000 		.4byte	.LASF58
 1094 04e9 01       		.byte	0x1
 1095 04ea 28       		.byte	0x28
 1096 04eb 83000000 		.4byte	0x83
 1097 04ef 1B       		.uleb128 0x1b
 1098 04f0 96010000 		.4byte	.LASF49
 1099 04f4 96010000 		.4byte	.LASF49
 1100 04f8 05       		.byte	0x5
 1101 04f9 8A       		.byte	0x8a
 1102 04fa 1B       		.uleb128 0x1b
 1103 04fb D6020000 		.4byte	.LASF50
 1104 04ff D6020000 		.4byte	.LASF50
 1105 0503 06       		.byte	0x6
 1106 0504 77       		.byte	0x77
 1107 0505 1B       		.uleb128 0x1b
 1108 0506 70030000 		.4byte	.LASF51
ARM GAS  C:\Users\dmeichle\AppData\Local\Temp\ccOsy8Pl.s 			page 24


 1109 050a 70030000 		.4byte	.LASF51
 1110 050e 06       		.byte	0x6
 1111 050f 76       		.byte	0x76
 1112 0510 1B       		.uleb128 0x1b
 1113 0511 18000000 		.4byte	.LASF52
 1114 0515 18000000 		.4byte	.LASF52
 1115 0519 07       		.byte	0x7
 1116 051a FF       		.byte	0xff
 1117 051b 00       		.byte	0
 1118              		.section	.debug_abbrev,"",%progbits
 1119              	.Ldebug_abbrev0:
 1120 0000 01       		.uleb128 0x1
 1121 0001 11       		.uleb128 0x11
 1122 0002 01       		.byte	0x1
 1123 0003 25       		.uleb128 0x25
 1124 0004 0E       		.uleb128 0xe
 1125 0005 13       		.uleb128 0x13
 1126 0006 0B       		.uleb128 0xb
 1127 0007 03       		.uleb128 0x3
 1128 0008 0E       		.uleb128 0xe
 1129 0009 1B       		.uleb128 0x1b
 1130 000a 0E       		.uleb128 0xe
 1131 000b 55       		.uleb128 0x55
 1132 000c 17       		.uleb128 0x17
 1133 000d 11       		.uleb128 0x11
 1134 000e 01       		.uleb128 0x1
 1135 000f 10       		.uleb128 0x10
 1136 0010 17       		.uleb128 0x17
 1137 0011 00       		.byte	0
 1138 0012 00       		.byte	0
 1139 0013 02       		.uleb128 0x2
 1140 0014 24       		.uleb128 0x24
 1141 0015 00       		.byte	0
 1142 0016 0B       		.uleb128 0xb
 1143 0017 0B       		.uleb128 0xb
 1144 0018 3E       		.uleb128 0x3e
 1145 0019 0B       		.uleb128 0xb
 1146 001a 03       		.uleb128 0x3
 1147 001b 0E       		.uleb128 0xe
 1148 001c 00       		.byte	0
 1149 001d 00       		.byte	0
 1150 001e 03       		.uleb128 0x3
 1151 001f 24       		.uleb128 0x24
 1152 0020 00       		.byte	0
 1153 0021 0B       		.uleb128 0xb
 1154 0022 0B       		.uleb128 0xb
 1155 0023 3E       		.uleb128 0x3e
 1156 0024 0B       		.uleb128 0xb
 1157 0025 03       		.uleb128 0x3
 1158 0026 08       		.uleb128 0x8
 1159 0027 00       		.byte	0
 1160 0028 00       		.byte	0
 1161 0029 04       		.uleb128 0x4
 1162 002a 16       		.uleb128 0x16
 1163 002b 00       		.byte	0
 1164 002c 03       		.uleb128 0x3
 1165 002d 0E       		.uleb128 0xe
ARM GAS  C:\Users\dmeichle\AppData\Local\Temp\ccOsy8Pl.s 			page 25


 1166 002e 3A       		.uleb128 0x3a
 1167 002f 0B       		.uleb128 0xb
 1168 0030 3B       		.uleb128 0x3b
 1169 0031 05       		.uleb128 0x5
 1170 0032 49       		.uleb128 0x49
 1171 0033 13       		.uleb128 0x13
 1172 0034 00       		.byte	0
 1173 0035 00       		.byte	0
 1174 0036 05       		.uleb128 0x5
 1175 0037 16       		.uleb128 0x16
 1176 0038 00       		.byte	0
 1177 0039 03       		.uleb128 0x3
 1178 003a 0E       		.uleb128 0xe
 1179 003b 3A       		.uleb128 0x3a
 1180 003c 0B       		.uleb128 0xb
 1181 003d 3B       		.uleb128 0x3b
 1182 003e 0B       		.uleb128 0xb
 1183 003f 49       		.uleb128 0x49
 1184 0040 13       		.uleb128 0x13
 1185 0041 00       		.byte	0
 1186 0042 00       		.byte	0
 1187 0043 06       		.uleb128 0x6
 1188 0044 13       		.uleb128 0x13
 1189 0045 01       		.byte	0x1
 1190 0046 03       		.uleb128 0x3
 1191 0047 0E       		.uleb128 0xe
 1192 0048 0B       		.uleb128 0xb
 1193 0049 0B       		.uleb128 0xb
 1194 004a 3A       		.uleb128 0x3a
 1195 004b 0B       		.uleb128 0xb
 1196 004c 3B       		.uleb128 0x3b
 1197 004d 0B       		.uleb128 0xb
 1198 004e 01       		.uleb128 0x1
 1199 004f 13       		.uleb128 0x13
 1200 0050 00       		.byte	0
 1201 0051 00       		.byte	0
 1202 0052 07       		.uleb128 0x7
 1203 0053 0D       		.uleb128 0xd
 1204 0054 00       		.byte	0
 1205 0055 03       		.uleb128 0x3
 1206 0056 0E       		.uleb128 0xe
 1207 0057 49       		.uleb128 0x49
 1208 0058 13       		.uleb128 0x13
 1209 0059 38       		.uleb128 0x38
 1210 005a 0B       		.uleb128 0xb
 1211 005b 34       		.uleb128 0x34
 1212 005c 19       		.uleb128 0x19
 1213 005d 00       		.byte	0
 1214 005e 00       		.byte	0
 1215 005f 08       		.uleb128 0x8
 1216 0060 0F       		.uleb128 0xf
 1217 0061 00       		.byte	0
 1218 0062 0B       		.uleb128 0xb
 1219 0063 0B       		.uleb128 0xb
 1220 0064 00       		.byte	0
 1221 0065 00       		.byte	0
 1222 0066 09       		.uleb128 0x9
ARM GAS  C:\Users\dmeichle\AppData\Local\Temp\ccOsy8Pl.s 			page 26


 1223 0067 0F       		.uleb128 0xf
 1224 0068 00       		.byte	0
 1225 0069 0B       		.uleb128 0xb
 1226 006a 0B       		.uleb128 0xb
 1227 006b 49       		.uleb128 0x49
 1228 006c 13       		.uleb128 0x13
 1229 006d 00       		.byte	0
 1230 006e 00       		.byte	0
 1231 006f 0A       		.uleb128 0xa
 1232 0070 26       		.uleb128 0x26
 1233 0071 00       		.byte	0
 1234 0072 49       		.uleb128 0x49
 1235 0073 13       		.uleb128 0x13
 1236 0074 00       		.byte	0
 1237 0075 00       		.byte	0
 1238 0076 0B       		.uleb128 0xb
 1239 0077 2E       		.uleb128 0x2e
 1240 0078 01       		.byte	0x1
 1241 0079 03       		.uleb128 0x3
 1242 007a 0E       		.uleb128 0xe
 1243 007b 3A       		.uleb128 0x3a
 1244 007c 0B       		.uleb128 0xb
 1245 007d 3B       		.uleb128 0x3b
 1246 007e 0B       		.uleb128 0xb
 1247 007f 11       		.uleb128 0x11
 1248 0080 01       		.uleb128 0x1
 1249 0081 12       		.uleb128 0x12
 1250 0082 06       		.uleb128 0x6
 1251 0083 40       		.uleb128 0x40
 1252 0084 18       		.uleb128 0x18
 1253 0085 9742     		.uleb128 0x2117
 1254 0087 19       		.uleb128 0x19
 1255 0088 01       		.uleb128 0x1
 1256 0089 13       		.uleb128 0x13
 1257 008a 00       		.byte	0
 1258 008b 00       		.byte	0
 1259 008c 0C       		.uleb128 0xc
 1260 008d 898201   		.uleb128 0x4109
 1261 0090 01       		.byte	0x1
 1262 0091 11       		.uleb128 0x11
 1263 0092 01       		.uleb128 0x1
 1264 0093 31       		.uleb128 0x31
 1265 0094 13       		.uleb128 0x13
 1266 0095 01       		.uleb128 0x1
 1267 0096 13       		.uleb128 0x13
 1268 0097 00       		.byte	0
 1269 0098 00       		.byte	0
 1270 0099 0D       		.uleb128 0xd
 1271 009a 8A8201   		.uleb128 0x410a
 1272 009d 00       		.byte	0
 1273 009e 02       		.uleb128 0x2
 1274 009f 18       		.uleb128 0x18
 1275 00a0 9142     		.uleb128 0x2111
 1276 00a2 18       		.uleb128 0x18
 1277 00a3 00       		.byte	0
 1278 00a4 00       		.byte	0
 1279 00a5 0E       		.uleb128 0xe
ARM GAS  C:\Users\dmeichle\AppData\Local\Temp\ccOsy8Pl.s 			page 27


 1280 00a6 898201   		.uleb128 0x4109
 1281 00a9 01       		.byte	0x1
 1282 00aa 11       		.uleb128 0x11
 1283 00ab 01       		.uleb128 0x1
 1284 00ac 31       		.uleb128 0x31
 1285 00ad 13       		.uleb128 0x13
 1286 00ae 00       		.byte	0
 1287 00af 00       		.byte	0
 1288 00b0 0F       		.uleb128 0xf
 1289 00b1 898201   		.uleb128 0x4109
 1290 00b4 00       		.byte	0
 1291 00b5 11       		.uleb128 0x11
 1292 00b6 01       		.uleb128 0x1
 1293 00b7 31       		.uleb128 0x31
 1294 00b8 13       		.uleb128 0x13
 1295 00b9 00       		.byte	0
 1296 00ba 00       		.byte	0
 1297 00bb 10       		.uleb128 0x10
 1298 00bc 34       		.uleb128 0x34
 1299 00bd 00       		.byte	0
 1300 00be 03       		.uleb128 0x3
 1301 00bf 0E       		.uleb128 0xe
 1302 00c0 3A       		.uleb128 0x3a
 1303 00c1 0B       		.uleb128 0xb
 1304 00c2 3B       		.uleb128 0x3b
 1305 00c3 0B       		.uleb128 0xb
 1306 00c4 49       		.uleb128 0x49
 1307 00c5 13       		.uleb128 0x13
 1308 00c6 02       		.uleb128 0x2
 1309 00c7 17       		.uleb128 0x17
 1310 00c8 00       		.byte	0
 1311 00c9 00       		.byte	0
 1312 00ca 11       		.uleb128 0x11
 1313 00cb 2E       		.uleb128 0x2e
 1314 00cc 01       		.byte	0x1
 1315 00cd 3F       		.uleb128 0x3f
 1316 00ce 19       		.uleb128 0x19
 1317 00cf 03       		.uleb128 0x3
 1318 00d0 0E       		.uleb128 0xe
 1319 00d1 3A       		.uleb128 0x3a
 1320 00d2 0B       		.uleb128 0xb
 1321 00d3 3B       		.uleb128 0x3b
 1322 00d4 0B       		.uleb128 0xb
 1323 00d5 27       		.uleb128 0x27
 1324 00d6 19       		.uleb128 0x19
 1325 00d7 11       		.uleb128 0x11
 1326 00d8 01       		.uleb128 0x1
 1327 00d9 12       		.uleb128 0x12
 1328 00da 06       		.uleb128 0x6
 1329 00db 40       		.uleb128 0x40
 1330 00dc 18       		.uleb128 0x18
 1331 00dd 9742     		.uleb128 0x2117
 1332 00df 19       		.uleb128 0x19
 1333 00e0 01       		.uleb128 0x1
 1334 00e1 13       		.uleb128 0x13
 1335 00e2 00       		.byte	0
 1336 00e3 00       		.byte	0
ARM GAS  C:\Users\dmeichle\AppData\Local\Temp\ccOsy8Pl.s 			page 28


 1337 00e4 12       		.uleb128 0x12
 1338 00e5 05       		.uleb128 0x5
 1339 00e6 00       		.byte	0
 1340 00e7 03       		.uleb128 0x3
 1341 00e8 0E       		.uleb128 0xe
 1342 00e9 3A       		.uleb128 0x3a
 1343 00ea 0B       		.uleb128 0xb
 1344 00eb 3B       		.uleb128 0x3b
 1345 00ec 0B       		.uleb128 0xb
 1346 00ed 49       		.uleb128 0x49
 1347 00ee 13       		.uleb128 0x13
 1348 00ef 02       		.uleb128 0x2
 1349 00f0 18       		.uleb128 0x18
 1350 00f1 00       		.byte	0
 1351 00f2 00       		.byte	0
 1352 00f3 13       		.uleb128 0x13
 1353 00f4 05       		.uleb128 0x5
 1354 00f5 00       		.byte	0
 1355 00f6 03       		.uleb128 0x3
 1356 00f7 0E       		.uleb128 0xe
 1357 00f8 3A       		.uleb128 0x3a
 1358 00f9 0B       		.uleb128 0xb
 1359 00fa 3B       		.uleb128 0x3b
 1360 00fb 0B       		.uleb128 0xb
 1361 00fc 49       		.uleb128 0x49
 1362 00fd 13       		.uleb128 0x13
 1363 00fe 02       		.uleb128 0x2
 1364 00ff 17       		.uleb128 0x17
 1365 0100 00       		.byte	0
 1366 0101 00       		.byte	0
 1367 0102 14       		.uleb128 0x14
 1368 0103 2E       		.uleb128 0x2e
 1369 0104 01       		.byte	0x1
 1370 0105 3F       		.uleb128 0x3f
 1371 0106 19       		.uleb128 0x19
 1372 0107 03       		.uleb128 0x3
 1373 0108 0E       		.uleb128 0xe
 1374 0109 3A       		.uleb128 0x3a
 1375 010a 0B       		.uleb128 0xb
 1376 010b 3B       		.uleb128 0x3b
 1377 010c 0B       		.uleb128 0xb
 1378 010d 11       		.uleb128 0x11
 1379 010e 01       		.uleb128 0x1
 1380 010f 12       		.uleb128 0x12
 1381 0110 06       		.uleb128 0x6
 1382 0111 40       		.uleb128 0x40
 1383 0112 18       		.uleb128 0x18
 1384 0113 9742     		.uleb128 0x2117
 1385 0115 19       		.uleb128 0x19
 1386 0116 01       		.uleb128 0x1
 1387 0117 13       		.uleb128 0x13
 1388 0118 00       		.byte	0
 1389 0119 00       		.byte	0
 1390 011a 15       		.uleb128 0x15
 1391 011b 34       		.uleb128 0x34
 1392 011c 00       		.byte	0
 1393 011d 03       		.uleb128 0x3
ARM GAS  C:\Users\dmeichle\AppData\Local\Temp\ccOsy8Pl.s 			page 29


 1394 011e 0E       		.uleb128 0xe
 1395 011f 3A       		.uleb128 0x3a
 1396 0120 0B       		.uleb128 0xb
 1397 0121 3B       		.uleb128 0x3b
 1398 0122 0B       		.uleb128 0xb
 1399 0123 49       		.uleb128 0x49
 1400 0124 13       		.uleb128 0x13
 1401 0125 00       		.byte	0
 1402 0126 00       		.byte	0
 1403 0127 16       		.uleb128 0x16
 1404 0128 18       		.uleb128 0x18
 1405 0129 00       		.byte	0
 1406 012a 00       		.byte	0
 1407 012b 00       		.byte	0
 1408 012c 17       		.uleb128 0x17
 1409 012d 34       		.uleb128 0x34
 1410 012e 00       		.byte	0
 1411 012f 03       		.uleb128 0x3
 1412 0130 0E       		.uleb128 0xe
 1413 0131 3A       		.uleb128 0x3a
 1414 0132 0B       		.uleb128 0xb
 1415 0133 3B       		.uleb128 0x3b
 1416 0134 0B       		.uleb128 0xb
 1417 0135 49       		.uleb128 0x49
 1418 0136 13       		.uleb128 0x13
 1419 0137 02       		.uleb128 0x2
 1420 0138 18       		.uleb128 0x18
 1421 0139 00       		.byte	0
 1422 013a 00       		.byte	0
 1423 013b 18       		.uleb128 0x18
 1424 013c 01       		.uleb128 0x1
 1425 013d 01       		.byte	0x1
 1426 013e 49       		.uleb128 0x49
 1427 013f 13       		.uleb128 0x13
 1428 0140 01       		.uleb128 0x1
 1429 0141 13       		.uleb128 0x13
 1430 0142 00       		.byte	0
 1431 0143 00       		.byte	0
 1432 0144 19       		.uleb128 0x19
 1433 0145 21       		.uleb128 0x21
 1434 0146 00       		.byte	0
 1435 0147 49       		.uleb128 0x49
 1436 0148 13       		.uleb128 0x13
 1437 0149 2F       		.uleb128 0x2f
 1438 014a 0B       		.uleb128 0xb
 1439 014b 00       		.byte	0
 1440 014c 00       		.byte	0
 1441 014d 1A       		.uleb128 0x1a
 1442 014e 34       		.uleb128 0x34
 1443 014f 00       		.byte	0
 1444 0150 03       		.uleb128 0x3
 1445 0151 0E       		.uleb128 0xe
 1446 0152 3A       		.uleb128 0x3a
 1447 0153 0B       		.uleb128 0xb
 1448 0154 3B       		.uleb128 0x3b
 1449 0155 0B       		.uleb128 0xb
 1450 0156 49       		.uleb128 0x49
ARM GAS  C:\Users\dmeichle\AppData\Local\Temp\ccOsy8Pl.s 			page 30


 1451 0157 13       		.uleb128 0x13
 1452 0158 3F       		.uleb128 0x3f
 1453 0159 19       		.uleb128 0x19
 1454 015a 3C       		.uleb128 0x3c
 1455 015b 19       		.uleb128 0x19
 1456 015c 00       		.byte	0
 1457 015d 00       		.byte	0
 1458 015e 1B       		.uleb128 0x1b
 1459 015f 2E       		.uleb128 0x2e
 1460 0160 00       		.byte	0
 1461 0161 3F       		.uleb128 0x3f
 1462 0162 19       		.uleb128 0x19
 1463 0163 3C       		.uleb128 0x3c
 1464 0164 19       		.uleb128 0x19
 1465 0165 6E       		.uleb128 0x6e
 1466 0166 0E       		.uleb128 0xe
 1467 0167 03       		.uleb128 0x3
 1468 0168 0E       		.uleb128 0xe
 1469 0169 3A       		.uleb128 0x3a
 1470 016a 0B       		.uleb128 0xb
 1471 016b 3B       		.uleb128 0x3b
 1472 016c 0B       		.uleb128 0xb
 1473 016d 00       		.byte	0
 1474 016e 00       		.byte	0
 1475 016f 00       		.byte	0
 1476              		.section	.debug_loc,"",%progbits
 1477              	.Ldebug_loc0:
 1478              	.LLST0:
 1479 0000 06000000 		.4byte	.LVL12
 1480 0004 0C000000 		.4byte	.LVL14
 1481 0008 0100     		.2byte	0x1
 1482 000a 53       		.byte	0x53
 1483 000b 0C000000 		.4byte	.LVL14
 1484 000f 18000000 		.4byte	.LVL18
 1485 0013 0100     		.2byte	0x1
 1486 0015 55       		.byte	0x55
 1487 0016 18000000 		.4byte	.LVL18
 1488 001a 22000000 		.4byte	.LVL19
 1489 001e 0100     		.2byte	0x1
 1490 0020 53       		.byte	0x53
 1491 0021 00000000 		.4byte	0
 1492 0025 00000000 		.4byte	0
 1493              	.LLST1:
 1494 0029 06000000 		.4byte	.LVL12
 1495 002d 0A000000 		.4byte	.LVL13
 1496 0031 0200     		.2byte	0x2
 1497 0033 30       		.byte	0x30
 1498 0034 9F       		.byte	0x9f
 1499 0035 0A000000 		.4byte	.LVL13
 1500 0039 14000000 		.4byte	.LVL16
 1501 003d 0100     		.2byte	0x1
 1502 003f 54       		.byte	0x54
 1503 0040 16000000 		.4byte	.LVL17
 1504 0044 22000000 		.4byte	.LVL19
 1505 0048 0100     		.2byte	0x1
 1506 004a 54       		.byte	0x54
 1507 004b 00000000 		.4byte	0
ARM GAS  C:\Users\dmeichle\AppData\Local\Temp\ccOsy8Pl.s 			page 31


 1508 004f 00000000 		.4byte	0
 1509              	.LLST2:
 1510 0053 00000000 		.4byte	.LVL25
 1511 0057 0E000000 		.4byte	.LVL29
 1512 005b 0100     		.2byte	0x1
 1513 005d 51       		.byte	0x51
 1514 005e 0E000000 		.4byte	.LVL29
 1515 0062 34000000 		.4byte	.LFE1
 1516 0066 0500     		.2byte	0x5
 1517 0068 03       		.byte	0x3
 1518 0069 01000000 		.4byte	_headerBuff+1
 1519 006d 00000000 		.4byte	0
 1520 0071 00000000 		.4byte	0
 1521              	.LLST3:
 1522 0075 00000000 		.4byte	.LVL25
 1523 0079 06000000 		.4byte	.LVL27
 1524 007d 0100     		.2byte	0x1
 1525 007f 53       		.byte	0x53
 1526 0080 06000000 		.4byte	.LVL27
 1527 0084 34000000 		.4byte	.LFE1
 1528 0088 0400     		.2byte	0x4
 1529 008a F3       		.byte	0xf3
 1530 008b 01       		.uleb128 0x1
 1531 008c 53       		.byte	0x53
 1532 008d 9F       		.byte	0x9f
 1533 008e 00000000 		.4byte	0
 1534 0092 00000000 		.4byte	0
 1535              	.LLST4:
 1536 0096 04000000 		.4byte	.LVL26
 1537 009a 0A000000 		.4byte	.LVL28
 1538 009e 0300     		.2byte	0x3
 1539 00a0 91       		.byte	0x91
 1540 00a1 76       		.sleb128 -10
 1541 00a2 9F       		.byte	0x9f
 1542 00a3 0A000000 		.4byte	.LVL28
 1543 00a7 16000000 		.4byte	.LVL30
 1544 00ab 0300     		.2byte	0x3
 1545 00ad 91       		.byte	0x91
 1546 00ae 77       		.sleb128 -9
 1547 00af 9F       		.byte	0x9f
 1548 00b0 00000000 		.4byte	0
 1549 00b4 00000000 		.4byte	0
 1550              	.LLST5:
 1551 00b8 00000000 		.4byte	.LVL39
 1552 00bc 07000000 		.4byte	.LVL40-1
 1553 00c0 0100     		.2byte	0x1
 1554 00c2 50       		.byte	0x50
 1555 00c3 07000000 		.4byte	.LVL40-1
 1556 00c7 1C000000 		.4byte	.LFE9
 1557 00cb 0400     		.2byte	0x4
 1558 00cd F3       		.byte	0xf3
 1559 00ce 01       		.uleb128 0x1
 1560 00cf 50       		.byte	0x50
 1561 00d0 9F       		.byte	0x9f
 1562 00d1 00000000 		.4byte	0
 1563 00d5 00000000 		.4byte	0
 1564              	.LLST6:
ARM GAS  C:\Users\dmeichle\AppData\Local\Temp\ccOsy8Pl.s 			page 32


 1565 00d9 00000000 		.4byte	.LVL39
 1566 00dd 07000000 		.4byte	.LVL40-1
 1567 00e1 0100     		.2byte	0x1
 1568 00e3 51       		.byte	0x51
 1569 00e4 07000000 		.4byte	.LVL40-1
 1570 00e8 1C000000 		.4byte	.LFE9
 1571 00ec 0400     		.2byte	0x4
 1572 00ee F3       		.byte	0xf3
 1573 00ef 01       		.uleb128 0x1
 1574 00f0 51       		.byte	0x51
 1575 00f1 9F       		.byte	0x9f
 1576 00f2 00000000 		.4byte	0
 1577 00f6 00000000 		.4byte	0
 1578              	.LLST7:
 1579 00fa 00000000 		.4byte	.LVL39
 1580 00fe 07000000 		.4byte	.LVL40-1
 1581 0102 0100     		.2byte	0x1
 1582 0104 52       		.byte	0x52
 1583 0105 07000000 		.4byte	.LVL40-1
 1584 0109 1C000000 		.4byte	.LFE9
 1585 010d 0400     		.2byte	0x4
 1586 010f F3       		.byte	0xf3
 1587 0110 01       		.uleb128 0x1
 1588 0111 52       		.byte	0x52
 1589 0112 9F       		.byte	0x9f
 1590 0113 00000000 		.4byte	0
 1591 0117 00000000 		.4byte	0
 1592              	.LLST8:
 1593 011b 00000000 		.4byte	.LVL39
 1594 011f 07000000 		.4byte	.LVL40-1
 1595 0123 0100     		.2byte	0x1
 1596 0125 53       		.byte	0x53
 1597 0126 07000000 		.4byte	.LVL40-1
 1598 012a 18000000 		.4byte	.LVL43
 1599 012e 0100     		.2byte	0x1
 1600 0130 54       		.byte	0x54
 1601 0131 18000000 		.4byte	.LVL43
 1602 0135 1C000000 		.4byte	.LFE9
 1603 0139 0400     		.2byte	0x4
 1604 013b F3       		.byte	0xf3
 1605 013c 01       		.uleb128 0x1
 1606 013d 53       		.byte	0x53
 1607 013e 9F       		.byte	0x9f
 1608 013f 00000000 		.4byte	0
 1609 0143 00000000 		.4byte	0
 1610              	.LLST9:
 1611 0147 18000000 		.4byte	.LVL45
 1612 014b 20000000 		.4byte	.LVL46
 1613 014f 0100     		.2byte	0x1
 1614 0151 50       		.byte	0x50
 1615 0152 00000000 		.4byte	0
 1616 0156 00000000 		.4byte	0
 1617              		.section	.debug_aranges,"",%progbits
 1618 0000 64000000 		.4byte	0x64
 1619 0004 0200     		.2byte	0x2
 1620 0006 00000000 		.4byte	.Ldebug_info0
 1621 000a 04       		.byte	0x4
ARM GAS  C:\Users\dmeichle\AppData\Local\Temp\ccOsy8Pl.s 			page 33


 1622 000b 00       		.byte	0
 1623 000c 0000     		.2byte	0
 1624 000e 0000     		.2byte	0
 1625 0010 00000000 		.4byte	.LFB5
 1626 0014 1C000000 		.4byte	.LFE5-.LFB5
 1627 0018 00000000 		.4byte	.LFB2
 1628 001c 3C000000 		.4byte	.LFE2-.LFB2
 1629 0020 00000000 		.4byte	.LFB3
 1630 0024 28000000 		.4byte	.LFE3-.LFB3
 1631 0028 00000000 		.4byte	.LFB6
 1632 002c 1C000000 		.4byte	.LFE6-.LFB6
 1633 0030 00000000 		.4byte	.LFB4
 1634 0034 08000000 		.4byte	.LFE4-.LFB4
 1635 0038 00000000 		.4byte	.LFB1
 1636 003c 34000000 		.4byte	.LFE1-.LFB1
 1637 0040 00000000 		.4byte	.LFB7
 1638 0044 28000000 		.4byte	.LFE7-.LFB7
 1639 0048 00000000 		.4byte	.LFB8
 1640 004c 02000000 		.4byte	.LFE8-.LFB8
 1641 0050 00000000 		.4byte	.LFB9
 1642 0054 1C000000 		.4byte	.LFE9-.LFB9
 1643 0058 00000000 		.4byte	.LFB10
 1644 005c 2E000000 		.4byte	.LFE10-.LFB10
 1645 0060 00000000 		.4byte	0
 1646 0064 00000000 		.4byte	0
 1647              		.section	.debug_ranges,"",%progbits
 1648              	.Ldebug_ranges0:
 1649 0000 00000000 		.4byte	.LFB5
 1650 0004 1C000000 		.4byte	.LFE5
 1651 0008 00000000 		.4byte	.LFB2
 1652 000c 3C000000 		.4byte	.LFE2
 1653 0010 00000000 		.4byte	.LFB3
 1654 0014 28000000 		.4byte	.LFE3
 1655 0018 00000000 		.4byte	.LFB6
 1656 001c 1C000000 		.4byte	.LFE6
 1657 0020 00000000 		.4byte	.LFB4
 1658 0024 08000000 		.4byte	.LFE4
 1659 0028 00000000 		.4byte	.LFB1
 1660 002c 34000000 		.4byte	.LFE1
 1661 0030 00000000 		.4byte	.LFB7
 1662 0034 28000000 		.4byte	.LFE7
 1663 0038 00000000 		.4byte	.LFB8
 1664 003c 02000000 		.4byte	.LFE8
 1665 0040 00000000 		.4byte	.LFB9
 1666 0044 1C000000 		.4byte	.LFE9
 1667 0048 00000000 		.4byte	.LFB10
 1668 004c 2E000000 		.4byte	.LFE10
 1669 0050 00000000 		.4byte	0
 1670 0054 00000000 		.4byte	0
 1671              		.section	.debug_line,"",%progbits
 1672              	.Ldebug_line0:
 1673 0000 5B020000 		.section	.debug_str,"MS",%progbits,1
 1673      02007101 
 1673      00000201 
 1673      FB0E0D00 
 1673      01010101 
 1674              	.LASF21:
ARM GAS  C:\Users\dmeichle\AppData\Local\Temp\ccOsy8Pl.s 			page 34


 1675 0000 5F73656E 		.ascii	"_sendHeader\000"
 1675      64486561 
 1675      64657200 
 1676              	.LASF14:
 1677 000c 63686172 		.ascii	"char\000"
 1677      00
 1678              	.LASF15:
 1679 0011 73697A65 		.ascii	"size_t\000"
 1679      5F7400
 1680              	.LASF52:
 1681 0018 76736E70 		.ascii	"vsnprintf\000"
 1681      72696E74 
 1681      6600
 1682              	.LASF35:
 1683 0022 636F6E73 		.ascii	"constructAndSendPacket\000"
 1683      74727563 
 1683      74416E64 
 1683      53656E64 
 1683      5061636B 
 1684              	.LASF42:
 1685 0039 5F686561 		.ascii	"_headerBuff\000"
 1685      64657242 
 1685      75666600 
 1686              	.LASF58:
 1687 0045 53797354 		.ascii	"SysTicksMS\000"
 1687      69636B73 
 1687      4D5300
 1688              	.LASF34:
 1689 0050 636F6E73 		.ascii	"constructHeader\000"
 1689      74727563 
 1689      74486561 
 1689      64657200 
 1690              	.LASF3:
 1691 0060 73686F72 		.ascii	"short unsigned int\000"
 1691      7420756E 
 1691      7369676E 
 1691      65642069 
 1691      6E7400
 1692              	.LASF36:
 1693 0073 74686550 		.ascii	"thePayload\000"
 1693      61796C6F 
 1693      616400
 1694              	.LASF44:
 1695 007e 5F74696D 		.ascii	"_timestampBuff\000"
 1695      65737461 
 1695      6D704275 
 1695      666600
 1696              	.LASF22:
 1697 008d 5F73656E 		.ascii	"_sendPayload\000"
 1697      64506179 
 1697      6C6F6164 
 1697      00
 1698              	.LASF37:
 1699 009a 73656E64 		.ascii	"sendLogMessage\000"
 1699      4C6F674D 
 1699      65737361 
 1699      676500
ARM GAS  C:\Users\dmeichle\AppData\Local\Temp\ccOsy8Pl.s 			page 35


 1700              	.LASF12:
 1701 00a9 666C6F61 		.ascii	"float\000"
 1701      7400
 1702              	.LASF19:
 1703 00af 76615F6C 		.ascii	"va_list\000"
 1703      69737400 
 1704              	.LASF1:
 1705 00b7 756E7369 		.ascii	"unsigned char\000"
 1705      676E6564 
 1705      20636861 
 1705      7200
 1706              	.LASF45:
 1707 00c5 5F706179 		.ascii	"_payload\000"
 1707      6C6F6164 
 1707      00
 1708              	.LASF5:
 1709 00ce 6C6F6E67 		.ascii	"long unsigned int\000"
 1709      20756E73 
 1709      69676E65 
 1709      6420696E 
 1709      7400
 1710              	.LASF9:
 1711 00e0 75696E74 		.ascii	"uint8\000"
 1711      3800
 1712              	.LASF32:
 1713 00e6 73656E64 		.ascii	"sendPacket\000"
 1713      5061636B 
 1713      657400
 1714              	.LASF24:
 1715 00f1 62797465 		.ascii	"byteCounter\000"
 1715      436F756E 
 1715      74657200 
 1716              	.LASF13:
 1717 00fd 646F7562 		.ascii	"double\000"
 1717      6C6500
 1718              	.LASF17:
 1719 0104 5F5F676E 		.ascii	"__gnuc_va_list\000"
 1719      75635F76 
 1719      615F6C69 
 1719      737400
 1720              	.LASF10:
 1721 0113 75696E74 		.ascii	"uint16\000"
 1721      313600
 1722              	.LASF41:
 1723 011a 6D657373 		.ascii	"messageBuf\000"
 1723      61676542 
 1723      756600
 1724              	.LASF55:
 1725 0125 433A5C55 		.ascii	"C:\\Users\\dmeichle\\Desktop\\Code\\Quench\\BNL\\PS"
 1725      73657273 
 1725      5C646D65 
 1725      6963686C 
 1725      655C4465 
 1726 0151 6F435F54 		.ascii	"oC_Template_Workspace\\PSoC_Template_Project.cydsn\000"
 1726      656D706C 
 1726      6174655F 
 1726      576F726B 
ARM GAS  C:\Users\dmeichle\AppData\Local\Temp\ccOsy8Pl.s 			page 36


 1726      73706163 
 1727              	.LASF11:
 1728 0183 75696E74 		.ascii	"uint32\000"
 1728      333200
 1729              	.LASF28:
 1730 018a 6D657373 		.ascii	"messageFlag\000"
 1730      61676546 
 1730      6C616700 
 1731              	.LASF49:
 1732 0196 55415254 		.ascii	"UART_1_PutChar\000"
 1732      5F315F50 
 1732      75744368 
 1732      617200
 1733              	.LASF8:
 1734 01a5 756E7369 		.ascii	"unsigned int\000"
 1734      676E6564 
 1734      20696E74 
 1734      00
 1735              	.LASF40:
 1736 01b2 666F726D 		.ascii	"formatLen\000"
 1736      61744C65 
 1736      6E00
 1737              	.LASF7:
 1738 01bc 6C6F6E67 		.ascii	"long long unsigned int\000"
 1738      206C6F6E 
 1738      6720756E 
 1738      7369676E 
 1738      65642069 
 1739              	.LASF57:
 1740 01d3 5F5F6170 		.ascii	"__ap\000"
 1740      00
 1741              	.LASF26:
 1742 01d8 5F73656E 		.ascii	"_sendTail\000"
 1742      64546169 
 1742      6C00
 1743              	.LASF31:
 1744 01e2 62797465 		.ascii	"bytePtr\000"
 1744      50747200 
 1745              	.LASF30:
 1746 01ea 7061796C 		.ascii	"payload\000"
 1746      6F616400 
 1747              	.LASF38:
 1748 01f2 666F726D 		.ascii	"format\000"
 1748      617400
 1749              	.LASF53:
 1750 01f9 474E5520 		.ascii	"GNU C11 5.4.1 20160609 (release) [ARM/embedded-5-br"
 1750      43313120 
 1750      352E342E 
 1750      31203230 
 1750      31363036 
 1751 022c 616E6368 		.ascii	"anch revision 237715] -mcpu=cortex-m3 -mthumb -g -O"
 1751      20726576 
 1751      6973696F 
 1751      6E203233 
 1751      37373135 
 1752 025f 67202D66 		.ascii	"g -ffunction-sections -ffat-lto-objects\000"
 1752      66756E63 
ARM GAS  C:\Users\dmeichle\AppData\Local\Temp\ccOsy8Pl.s 			page 37


 1752      74696F6E 
 1752      2D736563 
 1752      74696F6E 
 1753              	.LASF23:
 1754 0287 62797465 		.ascii	"bytePty\000"
 1754      50747900 
 1755              	.LASF25:
 1756 028f 5F73656E 		.ascii	"_sendTailMagicNumber\000"
 1756      64546169 
 1756      6C4D6167 
 1756      69634E75 
 1756      6D626572 
 1757              	.LASF54:
 1758 02a4 4D657373 		.ascii	"MessageHandler.c\000"
 1758      61676548 
 1758      616E646C 
 1758      65722E63 
 1758      00
 1759              	.LASF56:
 1760 02b5 5F5F7661 		.ascii	"__va_list\000"
 1760      5F6C6973 
 1760      7400
 1761              	.LASF6:
 1762 02bf 6C6F6E67 		.ascii	"long long int\000"
 1762      206C6F6E 
 1762      6720696E 
 1762      7400
 1763              	.LASF18:
 1764 02cd 73697A65 		.ascii	"sizetype\000"
 1764      74797065 
 1764      00
 1765              	.LASF50:
 1766 02d6 43794465 		.ascii	"CyDelayUs\000"
 1766      6C617955 
 1766      7300
 1767              	.LASF46:
 1768 02e0 5F6E756D 		.ascii	"_numBytes\000"
 1768      42797465 
 1768      7300
 1769              	.LASF20:
 1770 02ea 5F73656E 		.ascii	"_sendHeadMagicNumber\000"
 1770      64486561 
 1770      644D6167 
 1770      69634E75 
 1770      6D626572 
 1771              	.LASF2:
 1772 02ff 73686F72 		.ascii	"short int\000"
 1772      7420696E 
 1772      7400
 1773              	.LASF39:
 1774 0309 61726773 		.ascii	"args\000"
 1774      00
 1775              	.LASF48:
 1776 030e 5F6D6573 		.ascii	"_messageFlag\000"
 1776      73616765 
 1776      466C6167 
 1776      00
ARM GAS  C:\Users\dmeichle\AppData\Local\Temp\ccOsy8Pl.s 			page 38


 1777              	.LASF4:
 1778 031b 6C6F6E67 		.ascii	"long int\000"
 1778      20696E74 
 1778      00
 1779              	.LASF29:
 1780 0324 7061796C 		.ascii	"payloadBytes\000"
 1780      6F616442 
 1780      79746573 
 1780      00
 1781              	.LASF16:
 1782 0331 6C6F6E67 		.ascii	"long double\000"
 1782      20646F75 
 1782      626C6500 
 1783              	.LASF47:
 1784 033d 5F6D6573 		.ascii	"_messageType\000"
 1784      73616765 
 1784      54797065 
 1784      00
 1785              	.LASF0:
 1786 034a 7369676E 		.ascii	"signed char\000"
 1786      65642063 
 1786      68617200 
 1787              	.LASF27:
 1788 0356 6D657373 		.ascii	"messageType\000"
 1788      61676554 
 1788      79706500 
 1789              	.LASF33:
 1790 0362 636F6E73 		.ascii	"constructTail\000"
 1790      74727563 
 1790      74546169 
 1790      6C00
 1791              	.LASF51:
 1792 0370 43794465 		.ascii	"CyDelay\000"
 1792      6C617900 
 1793              	.LASF43:
 1794 0378 5F746169 		.ascii	"_tailBuff\000"
 1794      6C427566 
 1794      6600
 1795              		.ident	"GCC: (GNU Tools for ARM Embedded Processors) 5.4.1 20160609 (release) [ARM/embedded-5-bran
